[START] Step 02: Compute Linear Trend Contrast
[CHECK] Verifying Step 1 completed...
[LOADED] marginal_means: 3 rows
[LOAD] Loading fitted LMM model...
[LOADED] Model with 9 parameters
[INFO] Coefficient names: ['Intercept', "C(Factor, Treatment('Free_Recall'))[T.Cued_Recall]", "C(Factor, Treatment('Free_Recall'))[T.Recognition]", 'log_Days', "log_Days:C(Factor, Treatment('Free_Recall'))[T.Cued_Recall]", "log_Days:C(Factor, Treatment('Free_Recall'))[T.Recognition]", 'Group Var', 'Group x log_Days Cov', 'log_Days Var']
[PARSE] Identifying slope coefficient names (exact matching)...
[INFO] Base slope (Free_Recall): log_Days
[INFO] Cued_Recall slope diff: log_Days:C(Factor, Treatment('Free_Recall'))[T.Cued_Recall]
[INFO] Recognition slope diff: log_Days:C(Factor, Treatment('Free_Recall'))[T.Recognition]
[COMPUTE] Computing paradigm-specific forgetting slopes...
[INFO] Free_Recall slope = -0.4697
[INFO] Cued_Recall slope = -0.5203
[INFO] Recognition slope = -0.5971
[COMPUTE] Computing linear trend contrast estimate...
[INFO] Contrast weights: Free=-1, Cued=0, Recog=1
[RESULT] Linear trend contrast estimate = -0.1274
[COMPUTE] Computing contrast standard error...
[RESULT] Contrast SE = 0.0515
[COMPUTE] Computing z-statistic and p-values...
[RESULT] z-value = -2.4742
[RESULT] p-value (uncorrected) = 0.013354
[RESULT] p-value (Bonferroni) = 0.200310
[RESULT] Significant (uncorrected, p < 0.05): True
[RESULT] Significant (Bonferroni, p < 0.05): False
[COMPUTE] Computing 95% confidence interval...
[RESULT] 95% CI: [-0.2284, -0.0265]
[CREATE] Building contrast results DataFrame...
[INFO] Contrast results:
  contrast_name  estimate        SE   z_value  p_value_uncorrected  p_value_bonferroni  significant_uncorrected  significant_bonferroni  CI_lower  CI_upper
0  Linear_Trend -0.127447  0.051511 -2.474186             0.013354             0.20031                     True                   False -0.228409 -0.026486
[CREATE] Generating contrast interpretation...
[VALIDATE] Checking output validity...
[PASS] All validation checks passed
[SAVED] /home/etai/projects/REMEMVR/results/ch5/rq4/data/step02_linear_trend_contrast.csv
[SAVED] /home/etai/projects/REMEMVR/results/ch5/rq4/data/step02_contrast_interpretation.txt
[SUCCESS] Step 02 complete - Linear trend contrast computed
