[START] Step 0: Load Data Sources
[CHECK] Verifying RQ 5.1 completion status...
[ERROR] RQ 5.1 status.yaml missing step03_theta_scores. RQ 5.1 must complete Step 3 before RQ 5.12 can proceed.
[TRACEBACK] Full error details:
Traceback (most recent call last):
  File "/home/etai/projects/REMEMVR/results/ch5/rq12/code/step00_load_data.py", line 197, in <module>
    raise ValueError(
ValueError: RQ 5.1 status.yaml missing step03_theta_scores. RQ 5.1 must complete Step 3 before RQ 5.12 can proceed.
[START] Step 0: Load Data Sources
[CHECK] Verifying RQ 5.1 completion status...
[PASS] RQ 5.1 Step 3 completed successfully (status = success)
[LOAD] Loading RQ 5.1 outputs...
[LOAD] Reading /home/etai/projects/REMEMVR/results/ch5/rq1/data/step02_purified_items.csv...
[LOADED] Purified items: 69 items, 4 columns
[INFO] Columns: ['item_name', 'factor', 'a', 'b']
[LOAD] Reading /home/etai/projects/REMEMVR/results/ch5/rq1/data/step03_theta_scores.csv...
[LOADED] Theta scores: 400 rows, 4 columns
[INFO] Columns: ['composite_ID', 'theta_what', 'theta_where', 'theta_when']
[LOAD] Reading /home/etai/projects/REMEMVR/results/ch5/rq1/data/step00_tsvr_mapping.csv...
[LOADED] TSVR mapping: 400 rows, 4 columns
[INFO] Columns: ['composite_ID', 'UID', 'test', 'TSVR_hours']
[LOAD] Loading raw dichotomized scores from dfData.csv...
[LOAD] Reading /home/etai/projects/REMEMVR/data/cache/dfData.csv...
[LOADED] Raw scores: 400 rows, 214 columns
[INFO] Found 105 TQ_* item columns
[PASS] Required columns present: ['UID', 'TEST']
[TRANSFORM] Creating composite_ID in raw data...
[INFO] Format: UID + '_' + TEST.astype(str) (e.g., A010_1)
[CREATED] composite_ID for 400 rows
[INFO] Example composite_IDs: ['A010_1', 'A010_2', 'A010_3']
[VALIDATE] Verifying expected columns...
[PASS] Purified items columns: ['item_name', 'factor', 'a', 'b']
[PASS] Theta scores columns: ['composite_ID', 'theta_what', 'theta_where', 'theta_when']
[PASS] TSVR mapping columns: ['composite_ID', 'UID', 'test', 'TSVR_hours']
[PASS] Raw scores columns include: composite_ID, UID, TEST, + 105 TQ_* items
[SAVE] Copying files to local data/ folder...
[SAVE] Writing /home/etai/projects/REMEMVR/results/ch5/rq12/data/step00_irt_purified_items.csv...
[SAVED] step00_irt_purified_items.csv (69 rows)
[SAVE] Writing /home/etai/projects/REMEMVR/results/ch5/rq12/data/step00_theta_scores.csv...
[SAVED] step00_theta_scores.csv (400 rows)
[SAVE] Writing /home/etai/projects/REMEMVR/results/ch5/rq12/data/step00_tsvr_mapping.csv...
[SAVED] step00_tsvr_mapping.csv (400 rows)
[SAVE] Writing /home/etai/projects/REMEMVR/results/ch5/rq12/data/step00_raw_scores.csv...
[SAVED] step00_raw_scores.csv (400 rows)
[VALIDATION] Running check_file_exists for all 4 output files...
[VALIDATION] step00_irt_purified_items.csv: PASS (size = 3913 bytes)
[VALIDATION] step00_theta_scores.csv: PASS (size = 16072 bytes)
[VALIDATION] step00_tsvr_mapping.csv: PASS (size = 7914 bytes)
[VALIDATION] step00_raw_scores.csv: PASS (size = 349658 bytes)
[VALIDATION] All 4 output files validated successfully
[SUCCESS] Step 0 complete
[SUMMARY] Loaded 4 data sources from RQ 5.1 + dfData.csv
[SUMMARY] Created composite_ID in raw scores (UID_TEST format)
[SUMMARY] Saved 4 local copies to data/ folder
[SUMMARY] Files ready for CTT computation (Steps 1-3)
[START] Step 0: Load Data Sources
[CHECK] Verifying RQ 5.1 completion status...
[PASS] RQ 5.1 Step 3 completed successfully (status = success)
[LOAD] Loading RQ 5.1 outputs...
[LOAD] Reading /home/etai/projects/REMEMVR/results/ch5/5.2.1/data/step02_purified_items.csv...
[LOADED] Purified items (raw): 69 items, 4 columns
[INFO] Columns: ['item_name', 'factor', 'a', 'b']
[FILTER] Excluded When domain: 69 -> 64 items (5 removed)
[LOAD] Reading /home/etai/projects/REMEMVR/results/ch5/5.2.1/data/step03_theta_scores.csv...
[LOADED] Theta scores (raw): 400 rows, 4 columns
[INFO] Columns: ['composite_ID', 'theta_what', 'theta_where', 'theta_when']
[FILTER] Dropped theta_when column (When domain excluded)
[INFO] Theta columns after filter: ['composite_ID', 'theta_what', 'theta_where']
[LOAD] Reading /home/etai/projects/REMEMVR/results/ch5/5.2.1/data/step00_tsvr_mapping.csv...
[LOADED] TSVR mapping: 400 rows, 4 columns
[INFO] Columns: ['composite_ID', 'UID', 'test', 'TSVR_hours']
[LOAD] Loading raw dichotomized scores from dfData.csv...
[LOAD] Reading /home/etai/projects/REMEMVR/data/cache/dfData.csv...
[LOADED] Raw scores: 400 rows, 214 columns
[INFO] Found 105 TQ_* item columns
[PASS] Required columns present: ['UID', 'TEST']
[TRANSFORM] Creating composite_ID in raw data...
[INFO] Format: UID + '_' + TEST.astype(str) (e.g., A010_1)
[CREATED] composite_ID for 400 rows
[INFO] Example composite_IDs: ['A010_1', 'A010_2', 'A010_3']
[VALIDATE] Verifying expected columns...
[PASS] Purified items columns: ['item_name', 'factor', 'a', 'b']
[PASS] Theta scores columns: ['composite_ID', 'theta_what', 'theta_where']
[PASS] TSVR mapping columns: ['composite_ID', 'UID', 'test', 'TSVR_hours']
[PASS] Raw scores columns include: composite_ID, UID, TEST, + 105 TQ_* items
[SAVE] Copying files to local data/ folder...
[SAVE] Writing /home/etai/projects/REMEMVR/results/ch5/5.2.5/data/step00_irt_purified_items.csv...
[SAVED] step00_irt_purified_items.csv (64 rows)
[SAVE] Writing /home/etai/projects/REMEMVR/results/ch5/5.2.5/data/step00_theta_scores.csv...
[SAVED] step00_theta_scores.csv (400 rows)
[SAVE] Writing /home/etai/projects/REMEMVR/results/ch5/5.2.5/data/step00_tsvr_mapping.csv...
[SAVED] step00_tsvr_mapping.csv (400 rows)
[SAVE] Writing /home/etai/projects/REMEMVR/results/ch5/5.2.5/data/step00_raw_scores.csv...
[SAVED] step00_raw_scores.csv (400 rows)
[VALIDATION] Running check_file_exists for all 4 output files...
[VALIDATION] step00_irt_purified_items.csv: PASS (size = 3639 bytes)
[VALIDATION] step00_theta_scores.csv: PASS (size = 11587 bytes)
[VALIDATION] step00_tsvr_mapping.csv: PASS (size = 7914 bytes)
[VALIDATION] step00_raw_scores.csv: PASS (size = 349658 bytes)
[VALIDATION] All 4 output files validated successfully
[SUCCESS] Step 0 complete
[SUMMARY] Loaded 4 data sources from RQ 5.1 + dfData.csv
[SUMMARY] Created composite_ID in raw scores (UID_TEST format)
[SUMMARY] Saved 4 local copies to data/ folder
[SUMMARY] Files ready for CTT computation (Steps 1-3)
