[START] Step 00: Extract Congruence Data
RQ Directory: /home/etai/projects/REMEMVR/results/ch5/rq5
Project Root: /home/etai/projects/REMEMVR

[VALIDATE] Checking RQ 5.1 input files...
[PASS] Found: /home/etai/projects/REMEMVR/results/ch5/rq1/data/step00_irt_input.csv
[PASS] Found: /home/etai/projects/REMEMVR/results/ch5/rq1/data/step00_tsvr_mapping.csv

[LOAD] Loading RQ 5.1 IRT input...
[LOADED] step00_irt_input.csv (400 rows, 106 cols)

[FILTER] Filtering to interactive paradigm items...
[FILTERED] Kept 72 interactive paradigm items
[FILTERED] Removed 33 non-interactive columns

[Q-MATRIX] Creating congruence Q-matrix...
[Q-MATRIX] Created Q-matrix with 72 items:
  - common: 24 items
  - congruent: 24 items
  - incongruent: 24 items

[COPY] Copying TSVR mapping from RQ 5.1...
[COPIED] step00_tsvr_mapping.csv (400 rows)

[SAVE] Saving output files...
[SAVED] step00_irt_input.csv (400 rows, 73 cols)
[SAVED] step00_q_matrix.csv (72 rows)
[SAVED] step00_tsvr_mapping.csv (400 rows)

[VALIDATE] Final validation checks...
[PASS] Row count preserved: 400 rows
[PASS] All congruence categories present
[PASS] Item values valid (0, 1, NaN only)
[PASS] All output files created

[SUCCESS] Step 00 complete
