[START] Step 03: Compute Purified CTT Scores
[LOAD] Loading input data...
[LOADED] step00_raw_scores.csv (400 rows, 215 cols)
[LOADED] step01_item_mapping.csv (105 rows)
[INFO] Item retention by domain:
  What:  19 retained, 10 removed
  Where: 45 retained, 5 removed
  When:  5 retained, 21 removed
[INFO] Overall retention: 69/105 items (65.7%)
[ANALYSIS] Computing purified CTT scores per domain...
[INFO] Domain 'what': 19 retained items
[INFO] CTT_purified_what: mean=0.716, SD=0.165, range=[0.105, 1.000]
[INFO] Domain 'where': 45 retained items
[INFO] CTT_purified_where: mean=0.615, SD=0.136, range=[0.300, 0.939]
[INFO] Domain 'when': 5 retained items
[INFO] CTT_purified_when: mean=0.382, SD=0.252, range=[0.000, 1.000]
[DONE] Purified CTT computation complete
[SAVE] Saving purified CTT scores...
[SAVED] step03_ctt_purified_scores.csv (400 rows, 6 cols)
[INFO] Output columns: ['composite_ID', 'UID', 'TEST', 'CTT_purified_what', 'CTT_purified_where', 'CTT_purified_when']
[VALIDATION] Running validate_numeric_range for purified CTT scores...
[VALIDATION] CTT_purified_what: PASS - CTT_purified_what: All values within range [0.0, 1.0] (n=400).
[VALIDATION] CTT_purified_where: PASS - CTT_purified_where: All values within range [0.0, 1.0] (n=400).
[VALIDATION] CTT_purified_when: PASS - CTT_purified_when: All values within range [0.0, 1.0] (n=400).
[VALIDATION] All purified CTT scores validated successfully
[SUCCESS] Step 03 complete
