[START] Step 02: Compute Full CTT Scores (All Items Pre-Purification)
[LOAD] Loading raw response data from dfData.csv...
[LOADED] dfData.csv (400 rows, 214 cols)
[INFO] Found UID and TEST columns
[CHECK] Verifying all 72 paradigm items exist in dfData.csv...
[PASS] All 72 paradigm items found (24 IFR + 24 ICR + 24 IRE)
[ANALYSIS] Computing Full CTT scores using all items per paradigm...
[COMPUTE] CTT_full_IFR (24 items)...
[DONE] CTT_full_IFR: mean=0.413, range=[0.083, 0.875]
[COMPUTE] CTT_full_ICR (24 items)...
[DONE] CTT_full_ICR: mean=0.517, range=[0.083, 0.917]
[COMPUTE] CTT_full_IRE (24 items)...
[DONE] CTT_full_IRE: mean=0.537, range=[0.125, 0.917]
[VALIDATION] Validating CTT scores...
[PASS] CTT_full_IFR in range [0, 1]
[PASS] CTT_full_ICR in range [0, 1]
[PASS] CTT_full_IRE in range [0, 1]
[PASS] No NaN values in CTT columns
[PASS] No duplicate UID × test combinations
[PASS] 400 rows present (100 participants × 4 tests)
[PASS] All 4 test sessions present: ['T1', 'T2', 'T3', 'T4']
[SAVE] Saving Full CTT scores to step02_ctt_full_scores.csv...
[SAVED] step02_ctt_full_scores.csv (400 rows, 5 cols)
[SUMMARY] Full CTT Score Statistics:
  CTT_full_IFR: mean=0.4131, SD=0.1346, range=[0.0833, 0.8750]
  CTT_full_ICR: mean=0.5166, SD=0.1431, range=[0.0833, 0.9167]
  CTT_full_IRE: mean=0.5370, SD=0.1316, range=[0.1250, 0.9167]
[SUCCESS] Step 02 complete
