[START] Step 06: Z-Standardize Measurements
[LOAD] Loading input data...
[LOADED] Theta scores: 1200 rows, 3 cols
[INFO] Theta domains: ['free_recall', 'cued_recall', 'recognition']
[LOADED] Full CTT scores: 400 rows, 5 cols
[LOADED] Purified CTT scores: 400 rows, 5 cols
[LOADED] TSVR mapping: 400 rows, 4 cols
[RESHAPE] Converting theta from long to wide format...
[RESHAPED] Theta wide format: 400 rows, 4 cols
[INFO] Theta columns: ['composite_ID', 'theta_ICR', 'theta_IFR', 'theta_IRE']
[TRANSFORM] Creating composite_ID for CTT files...
[INFO] Full CTT composite_ID sample: ['A010_T1', 'A010_T2', 'A010_T3']
[INFO] Purified CTT composite_ID sample: ['A010_1', 'A010_2', 'A010_3']
[MERGE] Merging all datasets on composite_ID...
[MERGE] Base (TSVR): 400 rows
[MERGE] + Theta: 400 rows
[MERGE] + Full CTT: 400 rows
[MERGE] + Purified CTT: 400 rows
[MERGED] Final dataset: 400 rows, 13 cols
[INFO] Columns: ['composite_ID', 'UID', 'test', 'TSVR_hours', 'theta_ICR', 'theta_IFR', 'theta_IRE', 'CTT_full_IFR', 'CTT_full_ICR', 'CTT_full_IRE', 'CTT_purified_IFR', 'CTT_purified_ICR', 'CTT_purified_IRE']
[WARNING] Missing values detected:
  CTT_full_IFR: 400 missing
  CTT_full_ICR: 400 missing
  CTT_full_IRE: 400 missing
[STANDARDIZE] Z-standardizing all measurement paradigms...
[STANDARDIZED] IRT theta scores (IFR, ICR, IRE)
[STANDARDIZED] Full CTT scores (IFR, ICR, IRE)
[STANDARDIZED] Purified CTT scores (IFR, ICR, IRE)
[FORMAT] Selecting and ordering output columns...
[FORMAT] Output dataset: 400 rows, 13 cols
[VALIDATION] Validating z-standardization...
[PASS] z_theta_IFR mean = -0.000000
[PASS] z_theta_IFR SD = 1.000000
[PASS] z_theta_ICR mean = 0.000000
[PASS] z_theta_ICR SD = 1.000000
[PASS] z_theta_IRE mean = 0.000000
[PASS] z_theta_IRE SD = 1.000000
[PASS] z_CTT_full_IFR mean = nan
[FAIL] z_CTT_full_IFR SD = nan (expected ~1)
[PASS] z_CTT_full_ICR mean = nan
[FAIL] z_CTT_full_ICR SD = nan (expected ~1)
[PASS] z_CTT_full_IRE mean = nan
[FAIL] z_CTT_full_IRE SD = nan (expected ~1)
[PASS] z_CTT_purified_IFR mean = 0.000000
[PASS] z_CTT_purified_IFR SD = 1.000000
[PASS] z_CTT_purified_ICR mean = -0.000000
[PASS] z_CTT_purified_ICR SD = 1.000000
[PASS] z_CTT_purified_IRE mean = -0.000000
[PASS] z_CTT_purified_IRE SD = 1.000000
[FAIL] NaN values detected in z_* columns:
  z_CTT_full_IFR: 400 NaN values
  z_CTT_full_ICR: 400 NaN values
  z_CTT_full_IRE: 400 NaN values
[WARNING] TSVR_hours range [1.00, 246.24] outside expected [0, 168]
[PASS] 400 rows present (100 participants × 4 tests)
[ERROR] Validation failed - see errors above
[START] Step 06: Z-Standardize Measurements
[LOAD] Loading input data...
[LOADED] Theta scores: 1200 rows, 3 cols
[INFO] Theta domains: ['free_recall', 'cued_recall', 'recognition']
[LOADED] Full CTT scores: 400 rows, 5 cols
[LOADED] Purified CTT scores: 400 rows, 5 cols
[LOADED] TSVR mapping: 400 rows, 4 cols
[RESHAPE] Converting theta from long to wide format...
[RESHAPED] Theta wide format: 400 rows, 4 cols
[INFO] Theta columns: ['composite_ID', 'theta_ICR', 'theta_IFR', 'theta_IRE']
[TRANSFORM] Creating composite_ID for CTT files...
[INFO] Full CTT composite_ID sample: ['A010_1', 'A010_2', 'A010_3']
[INFO] Purified CTT composite_ID sample: ['A010_1', 'A010_2', 'A010_3']
[MERGE] Merging all datasets on composite_ID...
[MERGE] Base (TSVR): 400 rows
[MERGE] + Theta: 400 rows
[MERGE] + Full CTT: 400 rows
[MERGE] + Purified CTT: 400 rows
[MERGED] Final dataset: 400 rows, 13 cols
[INFO] Columns: ['composite_ID', 'UID', 'test', 'TSVR_hours', 'theta_ICR', 'theta_IFR', 'theta_IRE', 'CTT_full_IFR', 'CTT_full_ICR', 'CTT_full_IRE', 'CTT_purified_IFR', 'CTT_purified_ICR', 'CTT_purified_IRE']
[STANDARDIZE] Z-standardizing all measurement paradigms...
[STANDARDIZED] IRT theta scores (IFR, ICR, IRE)
[STANDARDIZED] Full CTT scores (IFR, ICR, IRE)
[STANDARDIZED] Purified CTT scores (IFR, ICR, IRE)
[FORMAT] Selecting and ordering output columns...
[FORMAT] Output dataset: 400 rows, 13 cols
[VALIDATION] Validating z-standardization...
[PASS] z_theta_IFR mean = -0.000000
[PASS] z_theta_IFR SD = 1.000000
[PASS] z_theta_ICR mean = 0.000000
[PASS] z_theta_ICR SD = 1.000000
[PASS] z_theta_IRE mean = 0.000000
[PASS] z_theta_IRE SD = 1.000000
[PASS] z_CTT_full_IFR mean = -0.000000
[PASS] z_CTT_full_IFR SD = 1.000000
[PASS] z_CTT_full_ICR mean = -0.000000
[PASS] z_CTT_full_ICR SD = 1.000000
[PASS] z_CTT_full_IRE mean = -0.000000
[PASS] z_CTT_full_IRE SD = 1.000000
[PASS] z_CTT_purified_IFR mean = 0.000000
[PASS] z_CTT_purified_IFR SD = 1.000000
[PASS] z_CTT_purified_ICR mean = -0.000000
[PASS] z_CTT_purified_ICR SD = 1.000000
[PASS] z_CTT_purified_IRE mean = -0.000000
[PASS] z_CTT_purified_IRE SD = 1.000000
[PASS] No NaN values in z_* columns
[PASS] TSVR_hours range [1.00, 246.24] within [0, 250]
[PASS] 400 rows present (100 participants × 4 tests)
[VALIDATION] All checks passed
[SAVED] /home/etai/projects/REMEMVR/results/ch5/5.3.6/data/step06_standardized_scores.csv (400 rows, 13 cols)
[SUMMARY] Z-standardization summary:
  Total observations: 400
  Participants: 100
  Test sessions: 4
  Z-standardized paradigms: 9

  Descriptive statistics for each z_* column:
    z_theta_IFR              : mean=-0.0000, SD= 1.0000, range=[-2.6791,  2.8614]
    z_theta_ICR              : mean= 0.0000, SD= 1.0000, range=[-2.5287,  2.5836]
    z_theta_IRE              : mean= 0.0000, SD= 1.0000, range=[-2.5249,  2.8674]
    z_CTT_full_IFR           : mean=-0.0000, SD= 1.0000, range=[-2.4509,  3.4326]
    z_CTT_full_ICR           : mean=-0.0000, SD= 1.0000, range=[-3.0282,  2.7967]
    z_CTT_full_IRE           : mean=-0.0000, SD= 1.0000, range=[-3.1314,  2.8860]
    z_CTT_purified_IFR       : mean= 0.0000, SD= 1.0000, range=[-2.1689,  2.4787]
    z_CTT_purified_ICR       : mean=-0.0000, SD= 1.0000, range=[-2.9885,  2.4832]
    z_CTT_purified_IRE       : mean=-0.0000, SD= 1.0000, range=[-2.8225,  2.3183]
[SUCCESS] Step 06 complete
