[START] Step 2: Purify Items by Quality Thresholds (Decision D039)
[LOAD] Loading Pass 1 item parameters...
[LOADED] step01_pass1_item_params.csv (36 rows, 4 cols)
[INPUT] Total items: 36
[INPUT] Items by factor:
  - destination: 18 items
  - source: 18 items
[ANALYSIS] Running filter_items_by_quality (Decision D039)...
[ANALYSIS] Thresholds: a >= 0.4, |b| <= 3.0
[DONE] Item purification complete
[RESULT] Retained: 32 items
[RESULT] Excluded: 4 items
[SAVE] Saving purified items...
[SAVED] step02_purified_items.csv (32 rows, 5 cols)
[RESULT] Retained items by factor:
  - destination: 15 items
  - source: 17 items
[SAVE] Generating purification report...
[SAVED] step02_purification_report.txt
[VALIDATION] Running validate_irt_parameters...
[VALIDATION] valid: True
[VALIDATION] n_flagged: 0
[VALIDATION] flagged_items: []
[VALIDATION] total_items: 32
[VALIDATION] Checking minimum items per factor (threshold: 10)...
[VALIDATION] Factor 'destination': 15 items [PASS]
[VALIDATION] Factor 'source': 17 items [PASS]
[VALIDATION] Checking for NaN values...
[VALIDATION] No NaN values found [PASS]
[VALIDATION] Checking for duplicate items...
[VALIDATION] No duplicate items found [PASS]
[SUCCESS] Step 2 complete - All validations passed
[SUMMARY] 32 items retained, 4 items excluded
[SUMMARY] Ready for Pass 2 calibration (Step 3)
