[START] Step 01: IRT Calibration Pass 1 (All Items)
======================================================================

[LOAD] Loading input data...
[LOADED] step00_irt_input.csv (400 rows, 37 cols)
[LOADED] step00_q_matrix.csv (36 items)

[TRANSFORM] Converting wide format to long format...
[TRANSFORM] Wide -> Long: 14400 -> 14400 observations (0 NaN removed)

[CONFIG] Defining factor groups...
[CONFIG] Groups: {'source': ['-U-'], 'destination': ['-D-']}

[CONFIG] Configuring IRT model settings...
[CONFIG] Using MINIMAL settings for pipeline validation
[CONFIG] model_fit: batch_size=2048, iw_samples=10, mc_samples=1
[CONFIG] model_scores: scoring_batch_size=2048, mc_samples=10, iw_samples=10
[WARNING] Change to production settings after testing (iw_samples=100, mc_samples=100)

[ANALYSIS] Running IRT calibration (2-factor GRM)...
[ANALYSIS] This may take ~10 minutes with minimal settings...
[DONE] IRT calibration complete
[RESULT] Theta scores: 400 rows, 4 cols
[RESULT] Item parameters: 36 rows, 5 cols

[TRANSFORM] Reformatting outputs to match expected schema...
[WARNING] SE not available from calibrate_irt - using placeholder SE=0.5
[TRANSFORM] Item parameters reformatted: 36 items
[TRANSFORM] Theta scores reformatted: 400 composite_IDs

[SAVE] Saving outputs...
[SAVED] step01_pass1_item_params.csv (36 rows, 4 cols)
[SAVED] step01_pass1_theta.csv (400 rows, 5 cols)
[SAVED] step01_pass1_diagnostics.txt

[VALIDATION] Validating outputs...
[PASS] All 36 items present in item_params
[PASS] All 400 composite_IDs present in theta
[PASS] Discrimination (a) in [0.0, 10.0]: min=0.234, max=2.119
[PASS] Difficulty (b) in [-6.0, 6.0]: min=-1.436, max=3.162
[PASS] Theta in [-4, 4] for both factors

[SUMMARY] Descriptive Statistics:
  Items: 36 (source: 18, destination: 18)
  Discrimination (a): mean=0.915, SD=0.507
  Difficulty (b): mean=0.505, SD=1.147
  Theta (source): mean=-0.014, SD=0.886
  Theta (destination): mean=-0.007, SD=0.861

[SUCCESS] Step 01 complete - all validations passed
