[START] Step 7: Prepare Trajectory Plot Data
[LOAD] Loading LMM input data...
[LOADED] step04_lmm_input.csv (800 rows)
[LOAD] Loading LMM coefficients...
[LOADED] step05_lmm_coefficients.csv (7 parameters)
[EXTRACT] Extracting model coefficients...
[COEFS] Intercept: 0.3905
[COEFS] LocationType[T.source]: 0.1004
[COEFS] log_Days_plus1: -0.3472
[COEFS] Interaction: -0.1366
[PROCESS] Creating individual trajectories data...
[CREATED] Individual trajectories: 800 rows
[PROCESS] Creating model-predicted trajectories...
[CREATED] Predicted trajectories: 200 rows (100 timepoints x 2 locations)
[PROCESS] Creating summary statistics by time bin...
[CREATED] Summary by time bin: 8 rows
[SAVE] Saving plot data files...
[SAVED] step07_individual_trajectories.csv (800 rows)
[SAVED] step07_predicted_trajectories.csv (200 rows)
[SAVED] step07_summary_by_timebin.csv (8 rows)
[VALIDATION] Running validation checks...
[PASS] Individual trajectories: 800 rows
[PASS] Predicted trajectories: 200 rows
[PASS] Summary by time bin: 8 rows
[PASS] No NaN values in individual trajectories
[PASS] Destination predictions monotonically decreasing
[PASS] Source predictions monotonically decreasing
[VALIDATION] All checks passed
[SUMMARY] Trajectory data summary:
  Individual observations: 800 (100 UIDs x 4 tests x 2 locations)
  Predicted timepoints: 100 (0.01 to 10.26 days)
  Time bins: 4 ([0,1), [1,3), [3,6), [6+] days)
  Location types: 2 (source, destination)
[SUCCESS] Step 7 complete - Plot data ready
