[START] Step 0: Extract Source and Destination Location Data
[LOAD] Loading dfData.csv...
[LOADED] dfData.csv (400 rows, 214 cols)
[CHECK] Base columns present: ['UID', 'TEST', 'TSVR']
[FILTER] Identifying source/destination items from IFR/ICR/IRE...
[FOUND] 36 source/destination items
[INFO] IFR-U: 6 items
[INFO] IFR-D: 6 items
[INFO] ICR-U: 6 items
[INFO] ICR-D: 6 items
[INFO] IRE-U: 6 items
[INFO] IRE-D: 6 items
[DICHOTOMIZE] Converting TQ values to binary (threshold=1.0)...
[DICHOTOMIZED] 36 items converted to binary
[VALUES] Total responses: 14400
[VALUES] Zeros (incorrect): 7845 (54.5%)
[VALUES] Ones (correct): 6555 (45.5%)
[VALUES] Missing (NaN): 0
[RESHAPE] Creating composite_ID and reshaping to wide format...
[WIDE] Wide-format IRT input created: 400 rows x 37 cols
[CHECK] No duplicate composite_IDs
[Q-MATRIX] Creating Q-matrix for 2-factor IRT...
[Q-MATRIX] Created Q-matrix: 36 rows x 3 cols
[Q-MATRIX] Source items: 18
[Q-MATRIX] Destination items: 18
[CHECK] Q-matrix validation passed: Each item loads on exactly one factor
[TSVR] Extracting TSVR time variable...
[TSVR] TSVR mapping created: 400 rows x 4 cols
[TSVR] Range: [1.00, 246.24] hours
[TSVR] Mean: 64.95 hours
[WARNING] TSVR values outside expected [0, 168] range
[SAVE] Saving output files...
[SAVED] step00_irt_input.csv (400 rows, 37 cols)
[SAVED] step00_q_matrix.csv (36 rows, 3 cols)
[SAVED] step00_tsvr_mapping.csv (400 rows, 4 cols)
[VALIDATION] Running validation checks...
[PASS] IRT input has 400 rows
[PASS] All item values in {0, 1, NaN}
[PASS] Q-matrix has 36 rows (18 source, 18 destination)
[PASS] TSVR mapping has 400 rows
[WARNING] 9 TSVR values outside [0, 168] range
[PASS] All 400 composite_IDs present in IRT input and TSVR mapping
[PASS] No items with >50% missing data (max: 0.0%)
[SUCCESS] All validation checks passed
[SUCCESS] Step 0 complete
