[START] Step 01: IRT Calibration Pass 1 (GRM, All Items)
[LOAD] Loading IRT input data (wide format)...
[LOADED] step00_irt_input.csv (400 rows, 73 cols)
[LOAD] Loading Q-matrix...
[LOADED] step00_q_matrix.csv (72 items, factor: All)
[TRANSFORM] Converting wide to long format...
[TRANSFORM] Long format created: 28800 observations (72 items × 400 participants)
[PREPARE] Building factor groups from Q-matrix...
[PREPARE] Factor 'All' contains 72 items
[IRT] Preparing IRT tensors (response matrix, Q-matrix, missing mask)...
[IRT] Tensors prepared: 400 observations × 72 items
[IRT] Q-matrix shape: torch.Size([72, 1]) (items × factors)
[IRT] Missing data: 0 / 28800 cells (0.0%)
[IRT] Configuring GRM model (5 categories, 1 factor)...
[IRT] Model configured: GRM with 72 items, 1 factor(s), 5 categories
[IRT] Fitting GRM model (max_iter=200, mc_samples=1, iw_samples=1)...
[IRT] WARNING: Using MINIMAL settings for testing. Re-run with max_iter=200, mc_samples=100, iw_samples=100 for production.
[IRT] Model fitting complete
[IRT] Extracting item parameters (discrimination + thresholds)...
[IRT] Transforming item parameters to GRM format (a, b1-b4)...
[IRT] Item parameters extracted: 72 items
[IRT] Discrimination (a) range: [1.817, 5.579]
[IRT] Threshold b1 range: [-1.451, 0.761]
[IRT] Threshold b4 range: [0.237, 0.727]
[IRT] Extracting theta scores (ability estimates)...
[IRT] Computing standard errors from posterior variance...
[IRT] Theta scores extracted: 400 observations
[IRT] Theta range: [-2.837, 0.395]
[IRT] SE range: [0.032, 0.032]
[SAVE] Saving item parameters...
[SAVED] /home/etai/projects/REMEMVR/results/ch6/6.1.1/data/step01_pass1_item_params.csv (72 rows, 7 cols)
[SAVE] Saving theta scores...
[SAVED] /home/etai/projects/REMEMVR/results/ch6/6.1.1/data/step01_pass1_theta.csv (400 rows, 3 cols)
[VALIDATION] Running convergence validation...
[VALIDATION] WARNING - Model did not converge
[VALIDATION] Checking parameter bounds...
[VALIDATION] PASS - All discriminations in [0.01, 10.0]
[VALIDATION] WARNING - 72 items have misordered thresholds
[VALIDATION] PASS - All theta scores in [-4, 4]
[VALIDATION] WARNING - 400 SE values outside [0.1, 1.5]
[VALIDATION] PASS - No NaN in item parameters
[VALIDATION] PASS - No NaN in theta scores
[SUCCESS] Step 01 complete
