[START] Step 3: IRT Calibration Pass 2 (Purified Items)
[LOAD] Checking item retention rate...
[LOADED] step02_purified_items.csv (72 items retained)
[LOADED] step01_pass1_item_params.csv (72 items in Pass 1)
[RETENTION] 72/72 items retained (100.0%)
[OPTIMIZATION] 100% retention detected - copying Pass 1 results
[OPTIMIZATION] This is mathematically equivalent to re-running IRT
[OPTIMIZATION] Estimated time saved: ~5 minutes
[COPY] step01_pass1_theta.csv -> step03_theta_confidence.csv
[COPY] step01_pass1_item_params.csv -> step03_item_parameters.csv
[SAVED] step03_theta_confidence.csv (400 rows, 3 cols)
[SAVED] step03_item_parameters.csv (72 rows, 7 cols)
[VALIDATION] Running validate_irt_convergence...
[VALIDATION] converged: False
[VALIDATION] message: Model did not converge
[VALIDATION] final_loss: None
[VALIDATION] epochs_run: None
[VALIDATION] warning: Results may be unreliable
[VALIDATION] Checking Pass 2 specific criteria...
[VALIDATION] [PASS] No NaN in theta_confidence.csv
[VALIDATION] [PASS] No NaN in item_parameters.csv
[VALIDATION] [PASS] Expected N (400 composite_IDs)
[VALIDATION] [PASS] Item count matches purified list (72 items)
[VALIDATION] [PASS] Theta in expected range: [-2.24, 0.49]
[VALIDATION] [WARN] SE outside [0.1, 1.5]: range=[0.03, 0.03]
[VALIDATION] [PASS] Discrimination in expected range: [1.742, 5.350]
[VALIDATION] [WARN] Threshold ordering violation in item TC_ICR-D-i1
[VALIDATION] [WARN] Threshold ordering violation in item TC_ICR-D-i2
[VALIDATION] [WARN] Threshold ordering violation in item TC_ICR-D-i3
[VALIDATION] [WARN] Threshold ordering violation in item TC_ICR-D-i4
[VALIDATION] [WARN] Threshold ordering violation in item TC_ICR-D-i5
[VALIDATION] [WARN] Threshold ordering violation in item TC_ICR-D-i6
[VALIDATION] [WARN] Threshold ordering violation in item TC_ICR-N-i1
[VALIDATION] [WARN] Threshold ordering violation in item TC_ICR-N-i2
[VALIDATION] [WARN] Threshold ordering violation in item TC_ICR-N-i3
[VALIDATION] [WARN] Threshold ordering violation in item TC_ICR-N-i4
[VALIDATION] [WARN] Threshold ordering violation in item TC_ICR-N-i5
[VALIDATION] [WARN] Threshold ordering violation in item TC_ICR-N-i6
[VALIDATION] [WARN] Threshold ordering violation in item TC_ICR-O-i1
[VALIDATION] [WARN] Threshold ordering violation in item TC_ICR-O-i2
[VALIDATION] [WARN] Threshold ordering violation in item TC_ICR-O-i3
[VALIDATION] [WARN] Threshold ordering violation in item TC_ICR-O-i4
[VALIDATION] [WARN] Threshold ordering violation in item TC_ICR-O-i5
[VALIDATION] [WARN] Threshold ordering violation in item TC_ICR-O-i6
[VALIDATION] [WARN] Threshold ordering violation in item TC_ICR-U-i1
[VALIDATION] [WARN] Threshold ordering violation in item TC_ICR-U-i2
[VALIDATION] [WARN] Threshold ordering violation in item TC_ICR-U-i3
[VALIDATION] [WARN] Threshold ordering violation in item TC_ICR-U-i4
[VALIDATION] [WARN] Threshold ordering violation in item TC_ICR-U-i5
[VALIDATION] [WARN] Threshold ordering violation in item TC_ICR-U-i6
[VALIDATION] [WARN] Threshold ordering violation in item TC_IFR-D-i1
[VALIDATION] [WARN] Threshold ordering violation in item TC_IFR-D-i2
[VALIDATION] [WARN] Threshold ordering violation in item TC_IFR-D-i3
[VALIDATION] [WARN] Threshold ordering violation in item TC_IFR-D-i4
[VALIDATION] [WARN] Threshold ordering violation in item TC_IFR-D-i5
[VALIDATION] [WARN] Threshold ordering violation in item TC_IFR-D-i6
[VALIDATION] [WARN] Threshold ordering violation in item TC_IFR-N-i1
[VALIDATION] [WARN] Threshold ordering violation in item TC_IFR-N-i2
[VALIDATION] [WARN] Threshold ordering violation in item TC_IFR-N-i3
[VALIDATION] [WARN] Threshold ordering violation in item TC_IFR-N-i4
[VALIDATION] [WARN] Threshold ordering violation in item TC_IFR-N-i5
[VALIDATION] [WARN] Threshold ordering violation in item TC_IFR-N-i6
[VALIDATION] [WARN] Threshold ordering violation in item TC_IFR-O-i1
[VALIDATION] [WARN] Threshold ordering violation in item TC_IFR-O-i2
[VALIDATION] [WARN] Threshold ordering violation in item TC_IFR-O-i3
[VALIDATION] [WARN] Threshold ordering violation in item TC_IFR-O-i4
[VALIDATION] [WARN] Threshold ordering violation in item TC_IFR-O-i5
[VALIDATION] [WARN] Threshold ordering violation in item TC_IFR-O-i6
[VALIDATION] [WARN] Threshold ordering violation in item TC_IFR-U-i1
[VALIDATION] [WARN] Threshold ordering violation in item TC_IFR-U-i2
[VALIDATION] [WARN] Threshold ordering violation in item TC_IFR-U-i3
[VALIDATION] [WARN] Threshold ordering violation in item TC_IFR-U-i4
[VALIDATION] [WARN] Threshold ordering violation in item TC_IFR-U-i5
[VALIDATION] [WARN] Threshold ordering violation in item TC_IFR-U-i6
[VALIDATION] [WARN] Threshold ordering violation in item TC_IRE-D-i1
[VALIDATION] [WARN] Threshold ordering violation in item TC_IRE-D-i2
[VALIDATION] [WARN] Threshold ordering violation in item TC_IRE-D-i3
[VALIDATION] [WARN] Threshold ordering violation in item TC_IRE-D-i4
[VALIDATION] [WARN] Threshold ordering violation in item TC_IRE-D-i5
[VALIDATION] [WARN] Threshold ordering violation in item TC_IRE-D-i6
[VALIDATION] [WARN] Threshold ordering violation in item TC_IRE-N-i1
[VALIDATION] [WARN] Threshold ordering violation in item TC_IRE-N-i2
[VALIDATION] [WARN] Threshold ordering violation in item TC_IRE-N-i3
[VALIDATION] [WARN] Threshold ordering violation in item TC_IRE-N-i4
[VALIDATION] [WARN] Threshold ordering violation in item TC_IRE-N-i5
[VALIDATION] [WARN] Threshold ordering violation in item TC_IRE-N-i6
[VALIDATION] [WARN] Threshold ordering violation in item TC_IRE-O-i1
[VALIDATION] [WARN] Threshold ordering violation in item TC_IRE-O-i2
[VALIDATION] [WARN] Threshold ordering violation in item TC_IRE-O-i3
[VALIDATION] [WARN] Threshold ordering violation in item TC_IRE-O-i4
[VALIDATION] [WARN] Threshold ordering violation in item TC_IRE-O-i5
[VALIDATION] [WARN] Threshold ordering violation in item TC_IRE-O-i6
[VALIDATION] [WARN] Threshold ordering violation in item TC_IRE-U-i1
[VALIDATION] [WARN] Threshold ordering violation in item TC_IRE-U-i2
[VALIDATION] [WARN] Threshold ordering violation in item TC_IRE-U-i3
[VALIDATION] [WARN] Threshold ordering violation in item TC_IRE-U-i4
[VALIDATION] [WARN] Threshold ordering violation in item TC_IRE-U-i5
[VALIDATION] [WARN] Threshold ordering violation in item TC_IRE-U-i6
[VALIDATION] [WARN] 72 items violated threshold ordering constraint
[SUCCESS] Step 3 complete
[START] Step 3: IRT Calibration Pass 2 (Purified Items)
[LOAD] Checking item retention rate...
[LOADED] step02_purified_items.csv (72 items retained)
[LOADED] step01_pass1_item_params.csv (72 items in Pass 1)
[RETENTION] 72/72 items retained (100.0%)
[OPTIMIZATION] 100% retention detected - copying Pass 1 results
[OPTIMIZATION] This is mathematically equivalent to re-running IRT
[OPTIMIZATION] Estimated time saved: ~5 minutes
[COPY] step01_pass1_theta.csv -> step03_theta_confidence.csv
[COPY] step01_pass1_item_params.csv -> step03_item_parameters.csv
[SAVED] step03_theta_confidence.csv (400 rows, 3 cols)
[SAVED] step03_item_parameters.csv (72 rows, 7 cols)
[VALIDATION] Running validate_irt_convergence...
[VALIDATION] converged: False
[VALIDATION] message: Model did not converge
[VALIDATION] final_loss: None
[VALIDATION] epochs_run: None
[VALIDATION] warning: Results may be unreliable
[VALIDATION] Checking Pass 2 specific criteria...
[VALIDATION] [PASS] No NaN in theta_confidence.csv
[VALIDATION] [PASS] No NaN in item_parameters.csv
[VALIDATION] [PASS] Expected N (400 composite_IDs)
[VALIDATION] [PASS] Item count matches purified list (72 items)
[VALIDATION] [PASS] Theta in expected range: [-2.24, 0.49]
[VALIDATION] [WARN] SE outside [0.1, 1.5]: range=[0.03, 0.03]
[VALIDATION] [PASS] Discrimination in expected range: [1.742, 5.350]
[VALIDATION] [WARN] Threshold ordering violation in item TC_ICR-D-i1
[VALIDATION] [WARN] Threshold ordering violation in item TC_ICR-D-i2
[VALIDATION] [WARN] Threshold ordering violation in item TC_ICR-D-i3
[VALIDATION] [WARN] Threshold ordering violation in item TC_ICR-D-i4
[VALIDATION] [WARN] Threshold ordering violation in item TC_ICR-D-i5
[VALIDATION] [WARN] Threshold ordering violation in item TC_ICR-D-i6
[VALIDATION] [WARN] Threshold ordering violation in item TC_ICR-N-i1
[VALIDATION] [WARN] Threshold ordering violation in item TC_ICR-N-i2
[VALIDATION] [WARN] Threshold ordering violation in item TC_ICR-N-i3
[VALIDATION] [WARN] Threshold ordering violation in item TC_ICR-N-i4
[VALIDATION] [WARN] Threshold ordering violation in item TC_ICR-N-i5
[VALIDATION] [WARN] Threshold ordering violation in item TC_ICR-N-i6
[VALIDATION] [WARN] Threshold ordering violation in item TC_ICR-O-i1
[VALIDATION] [WARN] Threshold ordering violation in item TC_ICR-O-i2
[VALIDATION] [WARN] Threshold ordering violation in item TC_ICR-O-i3
[VALIDATION] [WARN] Threshold ordering violation in item TC_ICR-O-i4
[VALIDATION] [WARN] Threshold ordering violation in item TC_ICR-O-i5
[VALIDATION] [WARN] Threshold ordering violation in item TC_ICR-O-i6
[VALIDATION] [WARN] Threshold ordering violation in item TC_ICR-U-i1
[VALIDATION] [WARN] Threshold ordering violation in item TC_ICR-U-i2
[VALIDATION] [WARN] Threshold ordering violation in item TC_ICR-U-i3
[VALIDATION] [WARN] Threshold ordering violation in item TC_ICR-U-i4
[VALIDATION] [WARN] Threshold ordering violation in item TC_ICR-U-i5
[VALIDATION] [WARN] Threshold ordering violation in item TC_ICR-U-i6
[VALIDATION] [WARN] Threshold ordering violation in item TC_IFR-D-i1
[VALIDATION] [WARN] Threshold ordering violation in item TC_IFR-D-i2
[VALIDATION] [WARN] Threshold ordering violation in item TC_IFR-D-i3
[VALIDATION] [WARN] Threshold ordering violation in item TC_IFR-D-i4
[VALIDATION] [WARN] Threshold ordering violation in item TC_IFR-D-i5
[VALIDATION] [WARN] Threshold ordering violation in item TC_IFR-D-i6
[VALIDATION] [WARN] Threshold ordering violation in item TC_IFR-N-i1
[VALIDATION] [WARN] Threshold ordering violation in item TC_IFR-N-i2
[VALIDATION] [WARN] Threshold ordering violation in item TC_IFR-N-i3
[VALIDATION] [WARN] Threshold ordering violation in item TC_IFR-N-i4
[VALIDATION] [WARN] Threshold ordering violation in item TC_IFR-N-i5
[VALIDATION] [WARN] Threshold ordering violation in item TC_IFR-N-i6
[VALIDATION] [WARN] Threshold ordering violation in item TC_IFR-O-i1
[VALIDATION] [WARN] Threshold ordering violation in item TC_IFR-O-i2
[VALIDATION] [WARN] Threshold ordering violation in item TC_IFR-O-i3
[VALIDATION] [WARN] Threshold ordering violation in item TC_IFR-O-i4
[VALIDATION] [WARN] Threshold ordering violation in item TC_IFR-O-i5
[VALIDATION] [WARN] Threshold ordering violation in item TC_IFR-O-i6
[VALIDATION] [WARN] Threshold ordering violation in item TC_IFR-U-i1
[VALIDATION] [WARN] Threshold ordering violation in item TC_IFR-U-i2
[VALIDATION] [WARN] Threshold ordering violation in item TC_IFR-U-i3
[VALIDATION] [WARN] Threshold ordering violation in item TC_IFR-U-i4
[VALIDATION] [WARN] Threshold ordering violation in item TC_IFR-U-i5
[VALIDATION] [WARN] Threshold ordering violation in item TC_IFR-U-i6
[VALIDATION] [WARN] Threshold ordering violation in item TC_IRE-D-i1
[VALIDATION] [WARN] Threshold ordering violation in item TC_IRE-D-i2
[VALIDATION] [WARN] Threshold ordering violation in item TC_IRE-D-i3
[VALIDATION] [WARN] Threshold ordering violation in item TC_IRE-D-i4
[VALIDATION] [WARN] Threshold ordering violation in item TC_IRE-D-i5
[VALIDATION] [WARN] Threshold ordering violation in item TC_IRE-D-i6
[VALIDATION] [WARN] Threshold ordering violation in item TC_IRE-N-i1
[VALIDATION] [WARN] Threshold ordering violation in item TC_IRE-N-i2
[VALIDATION] [WARN] Threshold ordering violation in item TC_IRE-N-i3
[VALIDATION] [WARN] Threshold ordering violation in item TC_IRE-N-i4
[VALIDATION] [WARN] Threshold ordering violation in item TC_IRE-N-i5
[VALIDATION] [WARN] Threshold ordering violation in item TC_IRE-N-i6
[VALIDATION] [WARN] Threshold ordering violation in item TC_IRE-O-i1
[VALIDATION] [WARN] Threshold ordering violation in item TC_IRE-O-i2
[VALIDATION] [WARN] Threshold ordering violation in item TC_IRE-O-i3
[VALIDATION] [WARN] Threshold ordering violation in item TC_IRE-O-i4
[VALIDATION] [WARN] Threshold ordering violation in item TC_IRE-O-i5
[VALIDATION] [WARN] Threshold ordering violation in item TC_IRE-O-i6
[VALIDATION] [WARN] Threshold ordering violation in item TC_IRE-U-i1
[VALIDATION] [WARN] Threshold ordering violation in item TC_IRE-U-i2
[VALIDATION] [WARN] Threshold ordering violation in item TC_IRE-U-i3
[VALIDATION] [WARN] Threshold ordering violation in item TC_IRE-U-i4
[VALIDATION] [WARN] Threshold ordering violation in item TC_IRE-U-i5
[VALIDATION] [WARN] Threshold ordering violation in item TC_IRE-U-i6
[VALIDATION] [WARN] 72 items violated threshold ordering constraint
[SUCCESS] Step 3 complete
