[START] Step 2: Purify Items (Decision D039)
[LOAD] Loading Pass 1 item parameters...
[LOADED] step01_pass1_item_params.csv (72 items, 7 columns)
[INFO] Columns: ['item_name', 'dimension', 'a', 'b1', 'b2', 'b3', 'b4']
[INFO] Discrimination (a) range: [1.74, 5.35]
[COMPUTE] Computing b_mean = mean(b1, b2, b3, b4) for each item...
[INFO] b_mean range: [0.09, 1.34]
[INFO] |b_mean| range: [0.00, 1.34]
[PURIFY] Applying Decision D039 thresholds:
[PURIFY]   - Minimum discrimination a >= 0.4
[PURIFY]   - Maximum |b_mean| <= 3.0
[PURIFY] Items failing criteria:
[PURIFY]   - Low discrimination (a < 0.4): 0 items
[PURIFY]   - Extreme difficulty (|b_mean| > 3.0): 0 items
[PURIFY] Purification summary:
[PURIFY]   - Total items: 72
[PURIFY]   - Retained items: 72
[PURIFY]   - Excluded items: 0
[PURIFY]   - Retention rate: 100.0%
[SAVE] Saving purified items list...
[SAVED] step02_purified_items.csv (72 items)
[SAVE] Generating purification report...
[SAVED] step02_purification_report.txt
[VALIDATION] Validating purification results...
[WARN] Retention rate 100.0% outside expected range [30%, 70%]
[WARN] This may indicate unusual data quality or inappropriate thresholds
[PASS] No duplicate item names in purified list
[PASS] All 72 retained items exist in Pass 1 item parameters
[PASS] Exclusion count verified: 0 items
[VALIDATION] All validation checks passed
[SUCCESS] Step 2 complete

======================================================================
PURIFICATION COMPLETE
======================================================================
Outputs:
  - Purified items list: /home/etai/projects/REMEMVR/results/ch6/6.1.1/data/step02_purified_items.csv
  - Purification report: /home/etai/projects/REMEMVR/results/ch6/6.1.1/data/step02_purification_report.txt
Summary:
  - 72/72 items retained (100.0%)
  - 0/72 items excluded (0.0%)
======================================================================
