[START] Step 1: Prepare Piecewise LMM Input
[LOAD] Loading theta scores from Step 0...
[LOADED] step00_theta_scores_from_rq5.csv (400 rows, 7 cols)
[RESHAPE] Reshaping wide to long format...
[RESHAPE] Long format created: 1200 rows
[PARSE] Extracting UID and test from composite_ID...
[PARSE] UID and test extracted
[TSVR] Loading TSVR timestamps from dfData.csv...
[ERROR] [Errno 2] No such file or directory: '/home/etai/projects/REMEMVR/results/data/cache/dfData.csv'
[TRACEBACK] Full error details:
Traceback (most recent call last):
  File "/home/etai/projects/REMEMVR/results/ch5/rq6/code/step01_prepare_piecewise_input.py", line 196, in <module>
    df_master = pd.read_csv(DFDATA_PATH, encoding='utf-8')
                ^^^^^^^^^^^^^^^^^^^^^^^^^^^^^^^^^^^^^^^^^^
  File "/home/etai/projects/REMEMVR/.venv/lib/python3.12/site-packages/pandas/io/parsers/readers.py", line 1026, in read_csv
    return _read(filepath_or_buffer, kwds)
           ^^^^^^^^^^^^^^^^^^^^^^^^^^^^^^^
  File "/home/etai/projects/REMEMVR/.venv/lib/python3.12/site-packages/pandas/io/parsers/readers.py", line 620, in _read
    parser = TextFileReader(filepath_or_buffer, **kwds)
             ^^^^^^^^^^^^^^^^^^^^^^^^^^^^^^^^^^^^^^^^^^
  File "/home/etai/projects/REMEMVR/.venv/lib/python3.12/site-packages/pandas/io/parsers/readers.py", line 1620, in __init__
    self._engine = self._make_engine(f, self.engine)
                   ^^^^^^^^^^^^^^^^^^^^^^^^^^^^^^^^^
  File "/home/etai/projects/REMEMVR/.venv/lib/python3.12/site-packages/pandas/io/parsers/readers.py", line 1880, in _make_engine
    self.handles = get_handle(
                   ^^^^^^^^^^^
  File "/home/etai/projects/REMEMVR/.venv/lib/python3.12/site-packages/pandas/io/common.py", line 882, in get_handle
    handle = open(handle, ioargs.mode)
             ^^^^^^^^^^^^^^^^^^^^^^^^^
FileNotFoundError: [Errno 2] No such file or directory: '/home/etai/projects/REMEMVR/results/data/cache/dfData.csv'
[START] Step 1: Prepare Piecewise LMM Input
[LOAD] Loading theta scores from Step 0...
[LOADED] step00_theta_scores_from_rq5.csv (400 rows, 7 cols)
[RESHAPE] Reshaping wide to long format...
[RESHAPE] Long format created: 1200 rows
[PARSE] Extracting UID and test from composite_ID...
[PARSE] UID and test extracted
[TSVR] Loading TSVR timestamps from dfData.csv...
[LOADED] dfData.csv (400 rows)
[TSVR] Extracted TSVR for 400 composite_IDs
[TSVR] Merged TSVR_hours for all 1200 rows
[SEGMENT] Assigning piecewise segments...
[ERROR] Segment assignment incomplete: 27 rows have missing Segment
[TRACEBACK] Full error details:
Traceback (most recent call last):
  File "/home/etai/projects/REMEMVR/results/ch5/rq6/code/step01_prepare_piecewise_input.py", line 232, in <module>
    raise ValueError(
ValueError: Segment assignment incomplete: 27 rows have missing Segment
[START] Step 1: Prepare Piecewise LMM Input
[LOAD] Loading theta scores from Step 0...
[LOADED] step00_theta_scores_from_rq5.csv (400 rows, 7 cols)
[RESHAPE] Reshaping wide to long format...
[RESHAPE] Long format created: 1200 rows
[PARSE] Extracting UID and test from composite_ID...
[PARSE] UID and test extracted
[TSVR] Loading TSVR timestamps from dfData.csv...
[LOADED] dfData.csv (400 rows)
[TSVR] Extracted TSVR for 400 composite_IDs
[TSVR] Merged TSVR_hours for all 1200 rows
[SEGMENT] Assigning piecewise segments...
[SEGMENT] Segment distribution:
  - Late: 828 rows
  - Early: 372 rows
[CODING] Applying treatment coding...
[CODING] Treatment coding applied (Congruence ref='Common', Segment ref='Early')
[VALIDATION] Validating piecewise input structure...
[PASS] Row count correct (1200)
[PASS] Column count correct (9)
[PASS] Days_within ranges valid (Early: [0.042, 0.996], Late: [0.006, 9.260])
[PASS] No missing data
[SAVED] step01_lmm_input_piecewise.csv (1200 rows, 9 cols)
[SUCCESS] Step 1 complete
