[START] Step 00: Load Dependency Data from RQ 5.5.1
[CHECK] Verifying RQ 5.5.1 completion status...
[STATUS] RQ 5.5.1 rq_results.status = 'success'
[PASS] RQ 5.5.1 completed successfully
[CHECK] Verifying dependency files exist...
[PASS] Theta scores file exists (14846 bytes)
[PASS] TSVR mapping file exists (7914 bytes)
[LOAD] Loading theta scores from RQ 5.5.1...
[LOADED] step03_theta_scores.csv (400 rows, 5 cols)
[COLUMNS] ['composite_ID', 'theta_source', 'theta_destination', 'se_source', 'se_destination']
[LOAD] Loading TSVR mapping from RQ 5.5.1...
[LOADED] step00_tsvr_mapping.csv (400 rows, 4 cols)
[COLUMNS] ['composite_ID', 'UID', 'test', 'TSVR_hours']
[VALIDATE] Checking column structures...
[PASS] Theta file has all expected columns
[PASS] TSVR file has all expected columns
[VALIDATE] Checking row counts...
[PASS] Theta file has 400 rows
[PASS] TSVR file has 400 rows
[MERGE] Merging theta scores with TSVR mapping on composite_ID...
[MERGED] 400 rows after merge
[PASS] All 400 theta rows successfully matched with TSVR
[COLUMNS] Reordered to ['composite_ID', 'UID', 'test', 'theta_source', 'theta_destination', 'se_source', 'se_destination', 'TSVR_hours']
[VALIDATE] Checking data ranges...
[PASS] theta_source in [-1.868, 1.703]
[PASS] theta_destination in [-1.494, 2.251]
[PASS] se_source in [0.500, 0.500]
[PASS] se_destination in [0.500, 0.500]
[ERROR] TSVR_hours out of expected range [0.0, 168.0]
Actual range: [1.000, 246.240]
[TRACEBACK] Full error details:
Traceback (most recent call last):
  File "/home/etai/projects/REMEMVR/results/ch5/5.5.2/code/step00_load_dependency_data.py", line 362, in <module>
    raise ValueError(
ValueError: TSVR_hours out of expected range [0.0, 168.0]
Actual range: [1.000, 246.240]
[START] Step 00: Load Dependency Data from RQ 5.5.1
[CHECK] Verifying RQ 5.5.1 completion status...
[STATUS] RQ 5.5.1 rq_results.status = 'success'
[PASS] RQ 5.5.1 completed successfully
[CHECK] Verifying dependency files exist...
[PASS] Theta scores file exists (14846 bytes)
[PASS] TSVR mapping file exists (7914 bytes)
[LOAD] Loading theta scores from RQ 5.5.1...
[LOADED] step03_theta_scores.csv (400 rows, 5 cols)
[COLUMNS] ['composite_ID', 'theta_source', 'theta_destination', 'se_source', 'se_destination']
[LOAD] Loading TSVR mapping from RQ 5.5.1...
[LOADED] step00_tsvr_mapping.csv (400 rows, 4 cols)
[COLUMNS] ['composite_ID', 'UID', 'test', 'TSVR_hours']
[VALIDATE] Checking column structures...
[PASS] Theta file has all expected columns
[PASS] TSVR file has all expected columns
[VALIDATE] Checking row counts...
[PASS] Theta file has 400 rows
[PASS] TSVR file has 400 rows
[MERGE] Merging theta scores with TSVR mapping on composite_ID...
[MERGED] 400 rows after merge
[PASS] All 400 theta rows successfully matched with TSVR
[COLUMNS] Reordered to ['composite_ID', 'UID', 'test', 'theta_source', 'theta_destination', 'se_source', 'se_destination', 'TSVR_hours']
[VALIDATE] Checking data ranges...
[PASS] theta_source in [-1.868, 1.703]
[PASS] theta_destination in [-1.494, 2.251]
[PASS] se_source in [0.500, 0.500]
[PASS] se_destination in [0.500, 0.500]
[PASS] TSVR_hours in [1.000, 246.240]
[SAVE] Saving merged data to step00_theta_from_rq551.csv...
[SAVED] step00_theta_from_rq551.csv (400 rows, 8 cols)
[VALIDATE] Verifying output file exists...
[PASS] Output file exists (19947 bytes)
[SUCCESS] Step 00 complete
[SUMMARY] Loaded 400 theta scores from RQ 5.5.1
[SUMMARY] Merged with TSVR mapping (0 unmatched rows)
[SUMMARY] Output: results/ch5/5.5.2/data/step00_theta_from_rq551.csv
[NEXT] Run step01_create_piecewise_time_variables.py
