[START] Step 03: Compute Planned Contrasts (Decision D068)
============================================================

[LOAD] Loading input data...
[LOADED] data/step01_piecewise_lmm_model.pkl
[LOADED] results/step02_segment_domain_slopes.csv (6 rows)
[VALIDATION] Slopes file has all required columns
[VALIDATION] All 6 segment-domain combinations present

[ANALYSIS] Computing 6 planned contrasts...
============================================================
POST-HOC PAIRWISE CONTRASTS (Decision D068)
============================================================
Family-wise alpha: 0.05
Number of comparisons: 6
Bonferroni-corrected alpha: 0.0083

[DONE] Computed 6 contrasts

Results:
  Significant (uncorrected alpha=0.05): 0/6
  Significant (corrected alpha=0.0083): 0/6

[DETAILS] Contrast estimates:
  where-what_early: beta=0.0233, z=0.23, p=0.8164 
  when-what_early: beta=0.1440, z=1.44, p=0.1504 
  where-what_late: beta=-0.0138, z=-0.34, p=0.7336 
  when-what_late: beta=0.0630, z=1.55, p=0.1205 
  where_slope_change-what_slope_change: beta=-0.0371, z=-0.34, p=0.7316 
  when_slope_change-what_slope_change: beta=-0.0810, z=-0.75, p=0.4535 

[ANALYSIS] Computing effect sizes (Cohen's f-squared)...

============================================================
EFFECT SIZES (Cohen's f²)
============================================================

Effect sizes computed for 11 fixed effects
  Negligible (f²<0.02): 8
  Small (0.02≤f²<0.15): 3
  Medium (0.15≤f²<0.35): 0
  Large (f²≥0.35): 0
============================================================

[DONE] Computed effect sizes for 11 terms

[SAVE] Saving outputs...
[SAVED] results/step03_planned_contrasts.csv (6 rows)
[SAVED] results/step03_effect_sizes.csv (11 rows)

[VALIDATION] Validating outputs...
[PASS] Contrast count correct: 6 rows
[PASS] Dual p-values present (D068 compliant)
[PASS] Bonferroni alpha correct: 0.0083
[PASS] p-values valid and correctly ordered
[PASS] Effect sizes computed: 11 terms

[PASS] All validation criteria passed

============================================================
SUMMARY
============================================================

Contrasts (sorted by p-value):
  [ns] when-what_late: beta=0.0630, p=0.1205
  [ns] when-what_early: beta=0.1440, p=0.1504
  [ns] when_slope_change-what_slope_change: beta=-0.0810, p=0.4535
  [ns] where_slope_change-what_slope_change: beta=-0.0371, p=0.7316
  [ns] where-what_late: beta=-0.0138, p=0.7336
  [ns] where-what_early: beta=0.0233, p=0.8164

Effect size distribution:
  negligible: 8 terms
  small: 3 terms

============================================================
[SUCCESS] Step 03 complete
============================================================
[START] Step 03: Compute Planned Contrasts (Decision D068)
============================================================

[LOAD] Loading input data...
[LOADED] data/step01_piecewise_lmm_model.pkl
[LOADED] results/step02_segment_domain_slopes.csv (4 rows)
[VALIDATION] Slopes file has all required columns
[VALIDATION] All 4 segment-domain combinations present (When excluded)

[ANALYSIS] Computing 3 planned contrasts (When domain excluded)...
============================================================
POST-HOC PAIRWISE CONTRASTS (Decision D068)
============================================================
Family-wise alpha: 0.05
Number of comparisons: 3
Bonferroni-corrected alpha: 0.0167

[DONE] Computed 3 contrasts

Results:
  Significant (uncorrected alpha=0.05): 0/3
  Significant (corrected alpha=0.0167): 0/3

[DETAILS] Contrast estimates:
  where-what_early: beta=0.0233, z=0.28, p=0.7817 
  where-what_late: beta=-0.0138, z=-0.39, p=0.6992 
  where_slope_change-what_slope_change: beta=-0.0371, z=-0.41, p=0.6844 

[ANALYSIS] Computing effect sizes (Cohen's f-squared)...
[DONE] Computed effect sizes for 7 terms

[SAVE] Saving outputs...
[SAVED] results/step03_planned_contrasts.csv (3 rows)
[SAVED] results/step03_effect_sizes.csv (7 rows)

[VALIDATION] Validating outputs...
[PASS] Contrast count correct: 3 rows (When excluded)
[PASS] Dual p-values present (D068 compliant)
[PASS] Bonferroni alpha correct: 0.0167
[PASS] p-values valid and correctly ordered
[PASS] Effect sizes computed: 7 terms

[PASS] All validation criteria passed

============================================================
SUMMARY
============================================================

Contrasts (sorted by p-value):
  [ns] where_slope_change-what_slope_change: beta=-0.0371, p=0.6844
  [ns] where-what_late: beta=-0.0138, p=0.6992
  [ns] where-what_early: beta=0.0233, p=0.7817

Effect size distribution:
  negligible: 4 terms
  small: 3 terms

============================================================
[SUCCESS] Step 03 complete
============================================================
