[START] Step 04: Compute Consolidation Benefit Indices

[LOAD] Loading segment-domain slopes from Step 2...
[LOADED] step02_segment_domain_slopes.csv (6 rows, 6 cols)
[VALIDATED] Input columns match expected: ['segment', 'domain', 'slope', 'se', 'CI_lower', 'CI_upper']

[PIVOT] Organizing slopes by domain and segment...
[VERIFIED] All 3 domains present in both segments

[COMPUTE] Computing consolidation benefit indices...
  what: Early=-0.4455, Late=-0.0686, Benefit=-0.3769 (SE=0.0764)
  where: Early=-0.4222, Late=-0.0824, Benefit=-0.3398 (SE=0.0764)
  when: Early=-0.3014, Late=-0.0056, Benefit=-0.2959 (SE=0.0764)

[RANK] Ranking domains by consolidation benefit...
  Ranking interpretation:
    Rank 1 = Best consolidation benefit (least negative = least excess early forgetting)
    Rank 3 = Worst consolidation benefit (most negative = most excess early forgetting)

  Rank 1: when (benefit=-0.2959)
  Rank 2: where (benefit=-0.3398)
  Rank 3: what (benefit=-0.3769)

[SAVE] Saving consolidation benefit indices to /home/etai/projects/REMEMVR/results/ch5/rq2/results/step04_consolidation_benefit.csv...
[SAVED] step04_consolidation_benefit.csv (3 rows, 8 cols)

[VALIDATION] Running inline validation checks...
[PASS] Row count: 3 rows (what, where, when)
[PASS] Ranks: {1, 2, 3} (all unique)
[PASS] Benefit values: All numeric (no NaN)
[PASS] CI structure: benefit_CI_lower < consolidation_benefit < benefit_CI_upper (all rows)

[SUCCESS] Step 04 complete - Consolidation benefit indices computed

============================================================
CONSOLIDATION BENEFIT SUMMARY
============================================================

Interpretation:
  - Early slope: forgetting rate per day during consolidation phase (test 0-1)
  - Late slope: forgetting rate per day during decay phase (test 3-6)
  - Consolidation benefit: Early - Late (negative = more Early forgetting)

Results:
  when: benefit=-0.2959 [-0.4456, -0.1461] (significant)
  where: benefit=-0.3398 [-0.4896, -0.1901] (significant)
  what: benefit=-0.3769 [-0.5266, -0.2271] (significant)

============================================================
