[START] Step 02: Cluster Selection (K=1-6)
[LOAD] Loading standardized features...
[LOADED] 100 rows, 7 columns
[INFO] Feature matrix: N=100 participants, p=6 features
[ANALYSIS] Fitting K-means for K=1 to K=6...
[INFO] Fitting K=1 (n_init=50, random_state=42)...
[INFO]   K=1: inertia=594.0000, BIC=205.8019
[INFO] Fitting K=2 (n_init=50, random_state=42)...
[INFO]   K=2: inertia=320.6027, BIC=171.7653
[INFO] Fitting K=3 (n_init=50, random_state=42)...
[INFO]   K=3: inertia=215.5709, BIC=159.7050
[INFO] Fitting K=4 (n_init=50, random_state=42)...
[INFO]   K=4: inertia=163.4483, BIC=159.6567
[INFO] Fitting K=5 (n_init=50, random_state=42)...
[INFO]   K=5: inertia=132.1620, BIC=166.0409
[INFO] Fitting K=6 (n_init=50, random_state=42)...
[INFO]   K=6: inertia=113.4320, BIC=178.3895
[DONE] K-means fitting complete for 6 K values
[ANALYSIS] Selecting optimal K via BIC minimum...
[INFO] Minimum BIC at K=4 (BIC=159.6567)
[INFO] Parsimony rule: BIC[4] - BIC[3] = -0.0483 < 2
[INFO] Prefer simpler model K=3
[RESULT] Optimal K=3 (BIC=159.7050)
[SAVE] Saving cluster selection table...
[SAVED] /home/etai/projects/REMEMVR/results/ch5/5.3.8/data/step02_cluster_selection.csv (6 rows)
[SAVE] Saving optimal K report...
[SAVED] /home/etai/projects/REMEMVR/results/ch5/5.3.8/data/step02_optimal_k.txt
[SAVE] Saving elbow plot data...
[SAVED] /home/etai/projects/REMEMVR/results/ch5/5.3.8/data/step02_elbow_plot_data.csv
[VALIDATION] Running validate_dataframe_structure...
[VALIDATION] valid: True
[VALIDATION] message: DataFrame structure valid: 6 rows, 3 columns (required: 3).
[VALIDATION] checks: {'row_count_valid': True, 'actual_rows': 6, 'columns_valid': True, 'missing_columns': [], 'types_valid': True}
[VALIDATION] Inertia decreases monotonically (expected)
[VALIDATION] Optimal K=3 in expected range [2, 6]
[SUCCESS] Step 02 complete
