[START] Step 07: Fit Parallel LMMs and Compare AIC
[LOAD] Reading /home/etai/projects/REMEMVR/results/ch5/5.4.5/data/step06_standardized_scores.csv
[LOADED] 400 rows
[CREATED] UID column (e.g., A010)
[ANALYSIS] Fitting 9 LMMs (3 dimensions x 3 score types)

[DIMENSION] Common
  [MODEL] IRT (z_theta_common)
[ERROR] Singular matrix
[TRACEBACK] Full error details:
Traceback (most recent call last):
  File "/home/etai/projects/REMEMVR/results/ch5/5.4.5/code/step07_fit_lmms.py", line 86, in <module>
    result = model.fit(reml=False, method='lbfgs')
             ^^^^^^^^^^^^^^^^^^^^^^^^^^^^^^^^^^^^^
  File "/home/etai/projects/REMEMVR/.venv/lib/python3.12/site-packages/statsmodels/regression/mixed_linear_model.py", line 2257, in fit
    pcov = np.linalg.inv(-hess)
           ^^^^^^^^^^^^^^^^^^^^
  File "/home/etai/projects/REMEMVR/.venv/lib/python3.12/site-packages/numpy/linalg/_linalg.py", line 669, in inv
    ainv = _umath_linalg.inv(a, signature=signature)
           ^^^^^^^^^^^^^^^^^^^^^^^^^^^^^^^^^^^^^^^^^
  File "/home/etai/projects/REMEMVR/.venv/lib/python3.12/site-packages/numpy/linalg/_linalg.py", line 163, in _raise_linalgerror_singular
    raise LinAlgError("Singular matrix")
numpy.linalg.LinAlgError: Singular matrix
[START] Step 07: Fit Parallel LMMs and Compare AIC
[LOAD] Reading /home/etai/projects/REMEMVR/results/ch5/5.4.5/data/step06_standardized_scores.csv
[LOADED] 400 rows
[CREATED] UID column (e.g., A010)
[ANALYSIS] Fitting 9 LMMs (3 dimensions x 3 score types)
[NOTE] Formula: score ~ TSVR_hours with random intercept only by UID

[DIMENSION] Common
  [MODEL] IRT (z_theta_common)
    AIC = 1047.62
    Converged: True
    Log-likelihood: -519.81
  [MODEL] Full (z_ctt_full_common)
    AIC = 1058.03
    Converged: True
    Log-likelihood: -525.02
  [MODEL] Purified (z_ctt_purified_common)
    AIC = 1075.23
    Converged: True
    Log-likelihood: -533.62
  [SUMMARY] AIC comparison:
    IRT:      1047.62
    Full:     1058.03
    Purified: 1075.23
    Delta (Purified - Full): +17.20
    Improvement (|delta| > 2): Yes

[DIMENSION] Congruent
  [MODEL] IRT (z_theta_congruent)
    AIC = 1080.99
    Converged: True
    Log-likelihood: -536.49
  [MODEL] Full (z_ctt_full_congruent)
    AIC = 1047.44
    Converged: True
    Log-likelihood: -519.72
  [MODEL] Purified (z_ctt_purified_congruent)
    AIC = 1082.64
    Converged: True
    Log-likelihood: -537.32
  [SUMMARY] AIC comparison:
    IRT:      1080.99
    Full:     1047.44
    Purified: 1082.64
    Delta (Purified - Full): +35.19
    Improvement (|delta| > 2): Yes

[DIMENSION] Incongruent
  [MODEL] IRT (z_theta_incongruent)
    AIC = 1040.48
    Converged: True
    Log-likelihood: -516.24
  [MODEL] Full (z_ctt_full_incongruent)
    AIC = 1067.96
    Converged: True
    Log-likelihood: -529.98
  [MODEL] Purified (z_ctt_purified_incongruent)
    AIC = 1065.93
    Converged: True
    Log-likelihood: -528.96
  [SUMMARY] AIC comparison:
    IRT:      1040.48
    Full:     1067.96
    Purified: 1065.93
    Delta (Purified - Full): -2.03
    Improvement (|delta| > 2): Yes

[SAVE] Writing /home/etai/projects/REMEMVR/results/ch5/5.4.5/data/step07_lmm_model_comparison.csv
[SAVED] 3 rows, 7 columns
[SAVE] Writing /home/etai/projects/REMEMVR/results/ch5/5.4.5/data/step07_lmm_summaries_theta.txt
[SAVED] theta model summaries
[SAVE] Writing /home/etai/projects/REMEMVR/results/ch5/5.4.5/data/step07_lmm_summaries_full.txt
[SAVED] full model summaries
[SAVE] Writing /home/etai/projects/REMEMVR/results/ch5/5.4.5/data/step07_lmm_summaries_purified.txt
[SAVED] purified model summaries

[SUCCESS] Step 07 complete
