[START] Step 6: Compare Model Fit (AIC, BIC)
[LOAD] Loading model metadata from step03_model_metadata.yaml...
[LOADED] IRT model: AIC=1764.26, BIC=1801.73
[LOADED] CTT model: AIC=-685.18, BIC=-647.71
[ANALYSIS] Running compare_lmm_fit_aic_bic...
[DONE] AIC/BIC comparison complete
[RESULT] Delta AIC (CTT - IRT): -2449.44
[RESULT] Delta BIC (CTT - IRT): -2449.44
[SAVE] Saving model fit comparison to step06_model_fit_comparison.csv...
[SAVED] step06_model_fit_comparison.csv (2 rows, 5 cols)
[VALIDATION] Running validate_dataframe_structure...
[VALIDATION] Structure validation FAILED
[VALIDATION] DataFrame structure validation failed: Expected 1 rows, found 2; Missing columns: irt_aic, irt_bic, ctt_aic, ctt_bic, delta_aic, delta_bic, aic_interpretation, bic_interpretation
[ERROR] Validation failed: DataFrame structure validation failed: Expected 1 rows, found 2; Missing columns: irt_aic, irt_bic, ctt_aic, ctt_bic, delta_aic, delta_bic, aic_interpretation, bic_interpretation
[TRACEBACK] Full error details:
Traceback (most recent call last):
  File "/home/etai/projects/REMEMVR/results/ch5/5.5.4/code/step06_compare_model_fit.py", line 224, in <module>
    raise ValueError(f"Validation failed: {validation_result['message']}")
ValueError: Validation failed: DataFrame structure validation failed: Expected 1 rows, found 2; Missing columns: irt_aic, irt_bic, ctt_aic, ctt_bic, delta_aic, delta_bic, aic_interpretation, bic_interpretation
[START] Step 6: Compare Model Fit (AIC, BIC)
[LOAD] Loading model metadata from step03_model_metadata.yaml...
[LOADED] IRT model: AIC=1764.26, BIC=1801.73
[LOADED] CTT model: AIC=-685.18, BIC=-647.71
[ANALYSIS] Running compare_lmm_fit_aic_bic...
[DONE] AIC/BIC comparison complete
[RESULT] Delta AIC (CTT - IRT): -2449.44
[RESULT] Delta BIC (CTT - IRT): -2449.44
[RESULT] AIC interpretation: Strong evidence for CTT
[RESULT] BIC interpretation: Strong evidence for CTT
[SAVE] Saving model fit comparison to step06_model_fit_comparison.csv...
[SAVED] step06_model_fit_comparison.csv (1 rows, 8 cols)
[VALIDATION] Running validate_dataframe_structure...
[VALIDATION] Structure validation PASSED
[VALIDATION]   row_count_valid: [PASS]
[VALIDATION]   actual_rows: [PASS]
[VALIDATION]   columns_valid: [PASS]
[VALIDATION]   missing_columns: [FAIL]
[VALIDATION]   types_valid: [PASS]
[VALIDATION] Checking AIC/BIC values are finite...
[VALIDATION] All AIC/BIC values are finite
[VALIDATION] Delta computations verified (CTT - IRT)
[SUCCESS] Step 6 complete

[SUMMARY] Model Fit Comparison Results:
  IRT Model: AIC=1764.26, BIC=1801.73
  CTT Model: AIC=-685.18, BIC=-647.71
  Delta AIC: -2449.44 (Strong evidence for CTT)
  Delta BIC: -2449.44 (Strong evidence for CTT)

[NOTE] CTT has bounded outcome [0,1], IRT has unbounded scale.
[NOTE] Direct AIC/BIC comparison NOT about which model is 'better',
[NOTE] but whether models converge on similar structural conclusions.
