[START] Step 0: Extract Theta Scores from RQ 5.5
[DEPENDENCY CHECK] Validating RQ 5.5 completion status...
[PASS] RQ 5.5 dependency satisfied (status = success)
[LOAD] Loading RQ 5.5 theta scores...
[LOADED] step03_theta_scores.csv (400 rows, 7 cols)
[VALIDATION] Validating theta scores structure...
[PASS] Column count correct (7 columns)
[PASS] Column names correct
[PASS] Row count correct (400 rows)
[PASS] Theta value ranges valid (all in [-3, 3])
[PASS] SE value ranges valid (all in [0.1, 1.0])
[PASS] No missing data (all theta and SE columns complete)
[SAVE] Saving cached theta scores...
[SAVED] step00_theta_scores_from_rq5.csv (400 rows, 7 cols)
[VALIDATION] All checks passed:
  - RQ 5.5 dependency satisfied
  - Theta file exists and loaded
  - Row count correct (400)
  - Column count correct (7)
  - Theta ranges valid ([-3, 3])
  - SE ranges valid ([0.1, 1.0])
  - No missing data
[SUCCESS] Step 0 complete
