[START] Step 06: Prepare Plot Data
[LOAD] Reading /home/etai/projects/REMEMVR/results/ch5/5.4.7/data/step01_standardized_features.csv
[LOAD] Reading /home/etai/projects/REMEMVR/results/ch5/5.4.7/data/step03_cluster_assignments.csv
[LOAD] Reading /home/etai/projects/REMEMVR/results/ch5/5.4.7/data/step03_cluster_centers.csv
[LOAD] Reading /home/etai/projects/REMEMVR/results/ch5/5.4.7/data/step05_cluster_centers_original_scale.csv
[MERGE] Combining features and cluster assignments
[COMBINE] Merging participant data with cluster centers
[INFO] Plot data shape: (106, 10)
  Participant rows: 100
  Center rows: 6
[SAVE] Writing to /home/etai/projects/REMEMVR/results/ch5/5.4.7/data/step06_scatter_matrix_plot_data.csv
[SAVED] /home/etai/projects/REMEMVR/results/ch5/5.4.7/data/step06_scatter_matrix_plot_data.csv
[VALIDATION] Checking plot data completeness
[VALIDATION PASS] Plot data ready
[SUCCESS] Step 06 complete
[START] Step 06: Prepare Plot Data
[LOAD] Reading /home/etai/projects/REMEMVR/results/ch5/5.4.7/data/step01_standardized_features.csv
[LOAD] Reading /home/etai/projects/REMEMVR/results/ch5/5.4.7/data/step03_cluster_assignments.csv
[LOAD] Reading /home/etai/projects/REMEMVR/results/ch5/5.4.7/data/step03_cluster_centers.csv
[LOAD] Reading /home/etai/projects/REMEMVR/results/ch5/5.4.7/data/step05_cluster_centers_original_scale.csv
[MERGE] Combining features and cluster assignments
[COMBINE] Merging participant data with cluster centers
[INFO] Plot data shape: (106, 10)
  Participant rows: 100
  Center rows: 6
[SAVE] Writing to /home/etai/projects/REMEMVR/results/ch5/5.4.7/data/step06_scatter_matrix_plot_data.csv
[SAVED] /home/etai/projects/REMEMVR/results/ch5/5.4.7/data/step06_scatter_matrix_plot_data.csv
[VALIDATION] Checking plot data completeness
[VALIDATION PASS] Plot data ready
[SUCCESS] Step 06 complete
