================================================================================
[START] Step 02: Item Purification (Decision D039)
================================================================================

[LOAD] Loading Pass 1 item parameters...
[LOADED] step01_pass1_item_params.csv
  Rows: 72 items
  Columns: ['item_name', 'Difficulty', 'Overall_Discrimination', 'Discrim_What', 'Discrim_Where', 'Discrim_When']
  Difficulty range: [-0.01, 1.12]
  Overall_Discrimination range: [2.07, 5.82]

[PURIFICATION] Running filter_items_by_quality...
  Thresholds: a >= 0.4, |b| <= 3.0
[DONE] Purification complete
  Retained: 72 items (100.0%)
  Excluded: 0 items (0.0%)
[WARNING] Retention rate 100.0% outside typical 20-80% range
          This may indicate calibration problems in Pass 1

[SAVE] Saving purification results...
[SAVED] step02_purified_items.csv
  Rows: 72 retained items
  Columns: ['item_name', 'Difficulty', 'Overall_Discrimination', 'Discrim_What', 'Discrim_Where', 'Discrim_When']
[SAVED] step02_excluded_items.csv
  Rows: 0 excluded items
  Columns: ['item_name', 'factor', 'a', 'b', 'exclusion_reason']

[VALIDATION] Validating purified items...
[VALIDATION PASSED]

[ERROR] 'message'

[TRACEBACK] Full error details:
Traceback (most recent call last):
  File "/home/etai/projects/REMEMVR/results/ch6/6.3.1/code/step02_item_purification.py", line 237, in <module>
    log(f"  {validation_result['message']}")
             ~~~~~~~~~~~~~~~~~^^^^^^^^^^^
KeyError: 'message'
================================================================================
[START] Step 02: Item Purification (Decision D039)
================================================================================

[LOAD] Loading Pass 1 item parameters...
[LOADED] step01_pass1_item_params.csv
  Rows: 72 items
  Columns: ['item_name', 'Difficulty', 'Overall_Discrimination', 'Discrim_What', 'Discrim_Where', 'Discrim_When']
  Difficulty range: [-0.01, 1.12]
  Overall_Discrimination range: [2.07, 5.82]

[PURIFICATION] Running filter_items_by_quality...
  Thresholds: a >= 0.4, |b| <= 3.0
[DONE] Purification complete
  Retained: 72 items (100.0%)
  Excluded: 0 items (0.0%)
[WARNING] Retention rate 100.0% outside typical 20-80% range
          This may indicate calibration problems in Pass 1

[SAVE] Saving purification results...
[SAVED] step02_purified_items.csv
  Rows: 72 retained items
  Columns: ['item_name', 'Difficulty', 'Overall_Discrimination', 'Discrim_What', 'Discrim_Where', 'Discrim_When']
[SAVED] step02_excluded_items.csv
  Rows: 0 excluded items
  Columns: ['item_name', 'factor', 'a', 'b', 'exclusion_reason']

[VALIDATION] Validating purified items...
[VALIDATION PASSED]
  Valid items: 72 / 72

================================================================================
[SUCCESS] Step 02 complete
================================================================================
Pass 1 items: 72
Retained (Pass 2): 72 (100.0%)
Excluded: 0 (0.0%)
Thresholds: a >= 0.4, |b| <= 3.0

Next: Step 03 will recalibrate using {len(df_purified)} purified items
================================================================================
