[2025-12-08 11:48:44] ================================================================================
[2025-12-08 11:48:44] LMM Model Selection: Kitchen Sink Suite
[2025-12-08 11:48:44] ================================================================================
[2025-12-08 11:48:44] [VALIDATION] Checking inputs...
[2025-12-08 11:48:44]   TSVR variable: TSVR_hours
[2025-12-08 11:48:44]   TSVR range: [1.00, 246.24] hours
[2025-12-08 11:48:44]   TSVR unique values: 295
[2025-12-08 11:48:44]   Outcome: theta
[2025-12-08 11:48:44]   Groups: UID (N=100)
[2025-12-08 11:48:44]   N observations: 1200
[2025-12-08 11:48:44]   Factor 1: domain (categorical, ref=what)
[2025-12-08 11:48:44]   Interaction: 1-way (time × factor1)
[2025-12-08 11:48:44]   Random effects: ~1
[2025-12-08 11:48:44]   REML: False
[2025-12-08 11:48:44] [TRANSFORM] Creating time transformations...
[2025-12-08 11:48:44]   Polynomial family...
[2025-12-08 11:48:44]   Logarithmic family...
[2025-12-08 11:48:44]   Power law family...
[2025-12-08 11:48:44]   Root family...
[2025-12-08 11:48:44]   Reciprocal family...
[2025-12-08 11:48:44]   Exponential family...
[2025-12-08 11:48:44]   Trigonometric family...
[2025-12-08 11:48:44]   Hyperbolic family...
[2025-12-08 11:48:44]   Total transformations created: 32
[2025-12-08 11:48:44] [CONFIG] Defining model suite...
[2025-12-08 11:48:44]   Total models defined: 66
[2025-12-08 11:48:44] [FORMULA] Building model formulas...
[2025-12-08 11:48:44]   Example formula (Linear): theta ~ TSVR * C(domain, Treatment('what'))
[2025-12-08 11:48:44]   Example formula (Log): theta ~ log_TSVR * C(domain, Treatment('what'))
[2025-12-08 11:48:44] [ANALYSIS] Fitting all models...
[2025-12-08 11:48:44]   This may take 5-10 minutes for 66 models...
[2025-12-08 11:48:44]   [1/66] Fitting Linear...
[2025-12-08 11:48:44]     ✓ AIC=2587.64, converged=True
[2025-12-08 11:48:44]   [2/66] Fitting Quadratic...
[2025-12-08 11:48:45]     ✓ AIC=2560.16, converged=True
[2025-12-08 11:48:45]   [3/66] Fitting Cubic...
[2025-12-08 11:48:45]     ✓ AIC=2568.37, converged=True
[2025-12-08 11:48:45]   [4/66] Fitting Quartic...
[2025-12-08 11:48:45]     ✓ AIC=2577.87, converged=True
[2025-12-08 11:48:45]   [5/66] Fitting Quadratic_pure...
[2025-12-08 11:48:45]     ✓ AIC=2664.26, converged=True
[2025-12-08 11:48:45]   [6/66] Fitting Cubic_pure...
[2025-12-08 11:48:46]     ✓ AIC=2714.83, converged=True
[2025-12-08 11:48:46]   [7/66] Fitting Log...
[2025-12-08 11:48:46]     ✓ AIC=2541.34, converged=True
[2025-12-08 11:48:46]   [8/66] Fitting Log2...
[2025-12-08 11:48:46]     ✓ AIC=2541.34, converged=True
[2025-12-08 11:48:46]   [9/66] Fitting Log10...
[2025-12-08 11:48:46]     ✓ AIC=2541.34, converged=True
[2025-12-08 11:48:46]   [10/66] Fitting LogLog...
[2025-12-08 11:48:46]     ✓ AIC=2534.72, converged=True
[2025-12-08 11:48:46]   [11/66] Fitting Lin+Log...
[2025-12-08 11:48:47]     ✓ AIC=2533.70, converged=True
[2025-12-08 11:48:47]   [12/66] Fitting Quad+Log...
[2025-12-08 11:48:47]     ✓ AIC=2535.25, converged=True
[2025-12-08 11:48:47]   [13/66] Fitting Log+LogLog...
[2025-12-08 11:48:47]     ✓ AIC=2535.99, converged=True
[2025-12-08 11:48:47]   [14/66] Fitting Lin+Quad+Log...
[2025-12-08 11:48:47]     ✓ AIC=2535.25, converged=True
[2025-12-08 11:48:47]   [15/66] Fitting PowerLaw_01...
[2025-12-08 11:48:47]     ✓ AIC=2538.99, converged=True
[2025-12-08 11:48:47]   [16/66] Fitting PowerLaw_02...
[2025-12-08 11:48:48]     ✓ AIC=2537.18, converged=True
[2025-12-08 11:48:48]   [17/66] Fitting PowerLaw_03...
[2025-12-08 11:48:48]     ✓ AIC=2535.89, converged=True
[2025-12-08 11:48:48]   [18/66] Fitting PowerLaw_04...
[2025-12-08 11:48:48]     ✓ AIC=2535.10, converged=True
[2025-12-08 11:48:48]   [19/66] Fitting PowerLaw_05...
[2025-12-08 11:48:48]     ✓ AIC=2534.81, converged=True
[2025-12-08 11:48:48]   [20/66] Fitting PowerLaw_06...
[2025-12-08 11:48:48]     ✓ AIC=2534.98, converged=True
[2025-12-08 11:48:48]   [21/66] Fitting PowerLaw_07...
[2025-12-08 11:48:48]     ✓ AIC=2535.56, converged=True
[2025-12-08 11:48:48]   [22/66] Fitting PowerLaw_08...
[2025-12-08 11:48:49]     ✓ AIC=2536.53, converged=True
[2025-12-08 11:48:49]   [23/66] Fitting PowerLaw_09...
[2025-12-08 11:48:49]     ✓ AIC=2537.83, converged=True
[2025-12-08 11:48:49]   [24/66] Fitting PowerLaw_10...
[2025-12-08 11:48:49]     ✓ AIC=2539.42, converged=True
[2025-12-08 11:48:49]   [25/66] Fitting PowerLaw_Log...
[2025-12-08 11:48:49]     ✓ AIC=2532.60, converged=True
[2025-12-08 11:48:49]   [26/66] Fitting PowerLaw_Lin...
[2025-12-08 11:48:50]     ✓ AIC=2534.36, converged=True
[2025-12-08 11:48:50]   [27/66] Fitting SquareRoot...
[2025-12-08 11:48:50]     ✓ AIC=2542.72, converged=True
[2025-12-08 11:48:50]   [28/66] Fitting CubeRoot...
[2025-12-08 11:48:50]     ✓ AIC=2535.56, converged=True
[2025-12-08 11:48:50]   [29/66] Fitting FourthRoot...
[2025-12-08 11:48:50]     ✓ AIC=2534.85, converged=True
[2025-12-08 11:48:50]   [30/66] Fitting Root_033...
[2025-12-08 11:48:50]     ✓ AIC=2535.55, converged=True
[2025-12-08 11:48:50]   [31/66] Fitting Root_067...
[2025-12-08 11:48:50]     ✓ AIC=2555.63, converged=True
[2025-12-08 11:48:50]   [32/66] Fitting SquareRoot+Log...
[2025-12-08 11:48:51]     ✓ AIC=2542.90, converged=True
[2025-12-08 11:48:51]   [33/66] Fitting CubeRoot+Log...
[2025-12-08 11:48:51]     ✓ AIC=2532.77, converged=True
[2025-12-08 11:48:51]   [34/66] Fitting SquareRoot+Lin...
[2025-12-08 11:48:51]     ✓ AIC=2533.70, converged=True
[2025-12-08 11:48:51]   [35/66] Fitting Root_Multi...
[2025-12-08 11:48:51]     ✓ AIC=2534.43, converged=True
[2025-12-08 11:48:51]   [36/66] Fitting Reciprocal...
[2025-12-08 11:48:52]     ✓ AIC=2539.42, converged=True
[2025-12-08 11:48:52]   [37/66] Fitting Recip+Log...
[2025-12-08 11:48:52]     ✓ AIC=2532.42, converged=True
[2025-12-08 11:48:52]   [38/66] Fitting Recip+Lin...
[2025-12-08 11:48:52]     ✓ AIC=2534.06, converged=True
[2025-12-08 11:48:52]   [39/66] Fitting Recip+Quad...
[2025-12-08 11:48:52]     ✓ AIC=2549.00, converged=True
[2025-12-08 11:48:52]   [40/66] Fitting Recip_sq...
[2025-12-08 11:48:53]     ✓ AIC=2562.26, converged=True
[2025-12-08 11:48:53]   [41/66] Fitting Recip+PowerLaw...
[2025-12-08 11:48:53]     ✓ AIC=2535.70, converged=True
[2025-12-08 11:48:53]   [42/66] Fitting Exponential_proxy...
[2025-12-08 11:48:53]     ✓ AIC=2587.64, converged=True
[2025-12-08 11:48:53]   [43/66] Fitting Exp+Log...
[2025-12-08 11:48:53]     ✓ AIC=2533.70, converged=True
[2025-12-08 11:48:53]   [44/66] Fitting Exp+Lin...
[2025-12-08 11:48:53]     ✗ FAILED: Singular matrix
[2025-12-08 11:48:53]   [45/66] Fitting Exp_fast...
[2025-12-08 11:48:53]     ✓ AIC=2664.26, converged=True
[2025-12-08 11:48:53]   [46/66] Fitting Exp_slow...
[2025-12-08 11:48:53]     ✓ AIC=2542.72, converged=True
[2025-12-08 11:48:53]   [47/66] Fitting Exp+PowerLaw...
[2025-12-08 11:48:53]     ✓ AIC=2535.95, converged=True
[2025-12-08 11:48:53]   [48/66] Fitting Exp+Recip...
[2025-12-08 11:48:53]     ✓ AIC=2540.38, converged=True
[2025-12-08 11:48:53]   [49/66] Fitting Sin...
[2025-12-08 11:48:54]     ✓ AIC=2818.80, converged=True
[2025-12-08 11:48:54]   [50/66] Fitting Cos...
[2025-12-08 11:48:54]     ✓ AIC=2585.19, converged=True
[2025-12-08 11:48:54]   [51/66] Fitting Sin+Cos...
[2025-12-08 11:48:54]     ✓ AIC=2581.56, converged=True
[2025-12-08 11:48:54]   [52/66] Fitting Sin+Log...
[2025-12-08 11:48:54]     ✓ AIC=2536.76, converged=True
[2025-12-08 11:48:54]   [53/66] Fitting Tanh...
[2025-12-08 11:48:55]     ✓ AIC=2575.82, converged=True
[2025-12-08 11:48:55]   [54/66] Fitting Tanh+Log...
[2025-12-08 11:48:55]     ✓ AIC=2533.36, converged=True
[2025-12-08 11:48:55]   [55/66] Fitting Arctanh...
[2025-12-08 11:48:55]     ✓ AIC=2641.69, converged=True
[2025-12-08 11:48:55]   [56/66] Fitting Sinh...
[2025-12-08 11:48:55]     ✓ AIC=2595.03, converged=True
[2025-12-08 11:48:55]   [57/66] Fitting Log+PowerLaw05...
[2025-12-08 11:48:56]     ✓ AIC=2535.83, converged=True
[2025-12-08 11:48:56]   [58/66] Fitting Log+SquareRoot...
[2025-12-08 11:48:56]     ✓ AIC=2543.09, converged=True
[2025-12-08 11:48:56]   [59/66] Fitting Log+Recip...
[2025-12-08 11:48:56]     ✓ AIC=2540.38, converged=True
[2025-12-08 11:48:56]   [60/66] Fitting SquareRoot+PowerLaw...
[2025-12-08 11:48:56]     ✓ AIC=2536.10, converged=True
[2025-12-08 11:48:56]   [61/66] Fitting SquareRoot+Recip...
[2025-12-08 11:48:57]     ✓ AIC=2540.32, converged=True
[2025-12-08 11:48:57]   [62/66] Fitting Recip+PowerLaw05...
[2025-12-08 11:48:57]     ✓ AIC=2535.70, converged=True
[2025-12-08 11:48:57]   [63/66] Fitting Lin+Log+PowerLaw...
[2025-12-08 11:48:57]     ✓ AIC=2537.76, converged=True
[2025-12-08 11:48:57]   [64/66] Fitting Quad+Log+SquareRoot...
[2025-12-08 11:48:57]     ✓ AIC=2535.55, converged=True
[2025-12-08 11:48:57]   [65/66] Fitting PowerLaw+Recip+Log...
[2025-12-08 11:48:57]     ✓ AIC=2534.34, converged=True
[2025-12-08 11:48:57]   [66/66] Fitting Ultimate...
[2025-12-08 11:48:58]     ✓ AIC=2546.08, converged=True
[2025-12-08 11:48:58]   Successful fits: 65/66
[2025-12-08 11:48:58]   Failed fits: 1
[2025-12-08 11:48:58] [COMPUTE] Computing AIC comparison metrics...
[2025-12-08 11:48:58]   Minimum AIC: 2532.42
[2025-12-08 11:48:58]   delta_AIC range: [0.00, 286.38]
[2025-12-08 11:48:58]   Akaike weight sum: 1.000000 (should be 1.0)
[2025-12-08 11:48:58] [RESULTS] Identifying best model...
[2025-12-08 11:48:58]   Best model: Recip+Log
[2025-12-08 11:48:58]   AIC: 2532.42
[2025-12-08 11:48:58]   Akaike weight: 0.0890 (8.9%)
[2025-12-08 11:48:58]   Uncertainty: High (<30% probability - weak support, consider model averaging)
[2025-12-08 11:48:58]   Log model (benchmark): Rank #43, AIC=2541.34, Δ=8.91, weight=0.0010
[2025-12-08 11:48:58] [VALIDATION] Validating AIC comparison metrics...
[2025-12-08 11:48:58]   ✓ Akaike weights sum to 1.0 (1.000000)
[2025-12-08 11:48:58]   ✓ All Akaike weights in (0, 1)
[2025-12-08 11:48:58]   ✓ Best model has delta_AIC = 0
[2025-12-08 11:48:58]   ✓ cumulative_weight monotonic increasing
[2025-12-08 11:48:58]   ✓ cumulative_weight ends at 1.0 (1.000000)
[2025-12-08 11:48:58] [OUTPUT] Preparing output dictionary...
[2025-12-08 11:48:58]   Competitive models (ΔAIC < 2): 10
[2025-12-08 11:48:58] [SAVE] Saving outputs to /home/etai/projects/REMEMVR/results/ch5/5.2.1/data...
[2025-12-08 11:48:58]   ✓ model_comparison.csv
[2025-12-08 11:48:58]   ✓ best_model_summary.txt[DONE] Kitchen sink comparison complete
[RESULTS] Model comparison summary:
================================================================================
TOP 10 MODELS (out of 65):
--------------------------------------------------------------------------------
[ERROR] Step 05 failed
  KeyError: 'rank'
Traceback (most recent call last):
  File "/home/etai/projects/REMEMVR/.venv/lib/python3.12/site-packages/pandas/core/indexes/base.py", line 3812, in get_loc
    return self._engine.get_loc(casted_key)
           ^^^^^^^^^^^^^^^^^^^^^^^^^^^^^^^^
  File "pandas/_libs/index.pyx", line 167, in pandas._libs.index.IndexEngine.get_loc
  File "pandas/_libs/index.pyx", line 196, in pandas._libs.index.IndexEngine.get_loc
  File "pandas/_libs/hashtable_class_helper.pxi", line 7088, in pandas._libs.hashtable.PyObjectHashTable.get_item
  File "pandas/_libs/hashtable_class_helper.pxi", line 7096, in pandas._libs.hashtable.PyObjectHashTable.get_item
KeyError: 'rank'

The above exception was the direct cause of the following exception:

Traceback (most recent call last):
  File "/home/etai/projects/REMEMVR/results/ch5/5.2.1/code/step05_fit_extended_lmm_models.py", line 163, in <module>
    log(f"  {row['rank']:2d}. {row['model_name']:25s} "
             ~~~^^^^^^^^
  File "/home/etai/projects/REMEMVR/.venv/lib/python3.12/site-packages/pandas/core/series.py", line 1133, in __getitem__
    return self._get_value(key)
           ^^^^^^^^^^^^^^^^^^^^
  File "/home/etai/projects/REMEMVR/.venv/lib/python3.12/site-packages/pandas/core/series.py", line 1249, in _get_value
    loc = self.index.get_loc(label)
          ^^^^^^^^^^^^^^^^^^^^^^^^^
  File "/home/etai/projects/REMEMVR/.venv/lib/python3.12/site-packages/pandas/core/indexes/base.py", line 3819, in get_loc
    raise KeyError(key) from err
KeyError: 'rank'

