[START] Step 05: Fit LMM with Domain x Time Interaction
[LOAD] Loading LMM input data...
[LOADED] step04_lmm_input.csv (1200 rows, 7 cols)
[INFO] Domains: ['ICR', 'IFR', 'IRE']
[INFO] Participants: 100
[INFO] Observations: 1200
[ANALYSIS] Fitting LMM with formula: theta ~ C(domain) * log_TSVR
[ANALYSIS] Random effects: (1 | UID) - random intercept only
[ERROR] Error evaluating factor: NameError: name 'domain' is not defined
    theta ~ C(domain) * log_TSVR
            ^^^^^^^^^
[TRACEBACK] Full error details:
[START] Step 05: Fit LMM with Domain x Time Interaction
[LOAD] Loading LMM input data...
[LOADED] step04_lmm_input.csv (1200 rows, 7 cols)
[INFO] Domains: ['ICR', 'IFR', 'IRE']
[INFO] Participants: 100
[INFO] Observations: 1200
[ANALYSIS] Fitting LMM with formula: theta ~ C(paradigm) * log_TSVR
[ANALYSIS] Random effects: (1 | UID) - random intercept only
[DONE] LMM fitting complete
[INFO] Converged: True
[INFO] AIC: 470.30
[INFO] BIC: 511.02
[EXTRACT] Extracting fixed effects coefficients...
[INFO] Number of fixed effects: 6
[INFO] Fixed effect terms: ['Intercept', 'C(paradigm)[T.IFR]', 'C(paradigm)[T.IRE]', 'log_TSVR', 'C(paradigm)[T.IFR]:log_TSVR', 'C(paradigm)[T.IRE]:log_TSVR']
[EXTRACT] Fixed effects table created (6 rows)
[RESULTS] Fixed Effects:
  Intercept: coef=-0.3770, p=0.0000 ***
  C(paradigm)[T.IFR]: coef=0.0147, p=0.7130 
  C(paradigm)[T.IRE]: coef=0.0660, p=0.0993 
  log_TSVR: coef=-0.1235, p=0.0000 ***
  C(paradigm)[T.IFR]:log_TSVR: coef=0.0077, p=0.4704 
  C(paradigm)[T.IRE]:log_TSVR: coef=-0.0172, p=0.1069 
[INFO] Domain x Time interaction terms found: ['C(paradigm)[T.IFR]:log_TSVR', 'C(paradigm)[T.IRE]:log_TSVR']
[HYPOTHESIS] C(paradigm)[T.IFR]:log_TSVR: p=0.4704 -> NULL (p >= 0.05)
[HYPOTHESIS] C(paradigm)[T.IRE]:log_TSVR: p=0.1069 -> NULL (p >= 0.05)
[SAVE] Saving fixed effects table...
[SAVED] step05_lmm_coefficients.csv (6 rows, 5 cols)
[SAVE] Saving full LMM summary...
[SAVED] step05_lmm_summary.txt
[VALIDATION] Running validate_lmm_convergence...
[VALIDATION] converged: True
[VALIDATION] message: LMM converged successfully
[SUCCESS] Step 05 complete - Domain x Time interaction tested
