[START] Step 05: Fit LMM with Domain x Time Interaction
[LOAD] Loading LMM input data...
[LOADED] step04_lmm_input.csv (1200 rows, 7 cols)
[INFO] Domains: ['Common', 'Congruent', 'Incongruent']
[INFO] Participants: 100
[INFO] Observations: 1200
[ANALYSIS] Fitting LMM with formula: theta ~ C(congruence) * log_TSVR
[ANALYSIS] Random effects: (1 | UID) - random intercept only
[DONE] LMM fitting complete
[INFO] Converged: True
[INFO] AIC: 598.21
[INFO] BIC: 638.93
[EXTRACT] Extracting fixed effects coefficients...
[INFO] Number of fixed effects: 6
[INFO] Fixed effect terms: ['Intercept', 'C(congruence)[T.Congruent]', 'C(congruence)[T.Incongruent]', 'log_TSVR', 'C(congruence)[T.Congruent]:log_TSVR', 'C(congruence)[T.Incongruent]:log_TSVR']
[EXTRACT] Fixed effects table created (6 rows)
[RESULTS] Fixed Effects:
  Intercept: coef=-0.3406, p=0.0000 ***
  C(congruence)[T.Congruent]: coef=-0.0186, p=0.6603 
  C(congruence)[T.Incongruent]: coef=-0.0042, p=0.9205 
  log_TSVR: coef=-0.1232, p=0.0000 ***
  C(congruence)[T.Congruent]:log_TSVR: coef=-0.0054, p=0.6336 
  C(congruence)[T.Incongruent]:log_TSVR: coef=-0.0108, p=0.3376 
[INFO] Domain x Time interaction terms found: ['C(congruence)[T.Congruent]:log_TSVR', 'C(congruence)[T.Incongruent]:log_TSVR']
[HYPOTHESIS] C(congruence)[T.Congruent]:log_TSVR: p=0.6336 -> NULL (p >= 0.05)
[HYPOTHESIS] C(congruence)[T.Incongruent]:log_TSVR: p=0.3376 -> NULL (p >= 0.05)
[SAVE] Saving fixed effects table...
[SAVED] step05_lmm_coefficients.csv (6 rows, 5 cols)
[SAVE] Saving full LMM summary...
[SAVED] step05_lmm_summary.txt
[VALIDATION] Running validate_lmm_convergence...
[VALIDATION] converged: True
[VALIDATION] message: LMM converged successfully
[SUCCESS] Step 05 complete - Domain x Time interaction tested
