============================================================
Step 03: IRT Calibration Pass 2 (Purified Items - FINAL)
============================================================

[START] Step 03: IRT Calibration Pass 2 (Purified Items)
[LOAD] Loading input data...
[LOADED] step00_irt_input.csv (400 rows, 106 cols)
[LOADED] step02_purified_items.csv (69 rows)
[INFO] Total items in original data: 105
[INFO] Purified items retained: 69
[FILTER] Filtering to purified items only...
[FILTERED] Retained 69 items in wide-format data
[PREP] Converting filtered wide format to long format for IRT...
[PREP] Long format created: 27600 rows
[PREP] Unique UIDs: 100
[PREP] Unique tests: [np.int64(1), np.int64(2), np.int64(3), np.int64(4)]
[PREP] Unique items: 69
[PREP] Deriving factor groups for purified items...
[PREP]   What: ['-N-'] -> 19 items
[PREP]   Where: ['-L-', '-U-', '-D-'] -> 45 items
[PREP]   When: ['-O-'] -> 5 items
[ANALYSIS] Running calibrate_irt (Pass 2 - purified items only)...
[ANALYSIS] Config: factors=['What', 'Where', 'When'], correlated=True
[ANALYSIS] Device: cpu, seed: 42
[ANALYSIS] Items: 69 (purified)
