[START] Step 4: Prepare LMM Input Data
[LOAD] Loading Pass 2 theta scores...
[LOADED] step03_theta_scores.csv (400 rows, 3 cols)
  Columns: ['UID', 'test', 'Theta_All']
[LOAD] Loading TSVR time variable...
[LOADED] step00_tsvr_mapping.csv (400 rows, 4 cols)
  Columns: ['composite_ID', 'UID', 'test', 'TSVR_hours']
  TSVR_hours range: [1.0, 246.2]
[MERGE] Merging theta scores with TSVR data...
[MERGED] Successfully merged 400 rows
  Merge success rate: 100% (400 / 400)
[CREATED] composite_ID column from UID and test
[TRANSFORM] Renaming columns...
  Renamed: Theta_All -> Theta, created placeholder SE=0.3
[TRANSFORM] Creating time transformations...
  Days range: [0.04, 10.26]
  Days_squared range: [0.00, 105.27]
  log_Days_plus1 range: [0.041, 2.421]
[PASS] All time transformations valid (no NaN, no Inf)
[SAVE] Saving LMM input dataset to step04_lmm_input.csv...
[SAVED] step04_lmm_input.csv (400 rows, 9 cols)
  Columns: ['composite_ID', 'UID', 'test', 'Theta', 'SE', 'TSVR_hours', 'Days', 'Days_squared', 'log_Days_plus1']
[VALIDATION] Validating LMM input dataset...
[PASS] Row count correct (400 observations)
[PASS] Column count correct (9 columns)
[PASS] No NaN values in dataset
[PASS] All 100 UIDs appear exactly 4 times (T1-T4)
[WARNING] TSVR_hours outside expected range:
  Min: 1.0 (expected >=0)
  Max: 246.2 (expected <=168)
[WARNING] Days outside expected range [0, 7]
[VALIDATION] converged: False
[VALIDATION] message: Model did not converge
[VALIDATION] final_loss: None
[VALIDATION] epochs_run: None
[VALIDATION] warning: Results may be unreliable
[SUCCESS] Step 4 complete
