[START] Step 03: Extract 3-Way Interaction Terms
[LOAD] Loading fixed effects from Step 02...
[LOADED] 12 fixed effects
[INFO] All fixed effects:
  Intercept: coef=0.471345, p=0.000001
  LocationType[T.Source]: coef=0.021945, p=0.849178
  TSVR_hours: coef=-0.001647, p=0.140869
  TSVR_hours:LocationType[T.Source]: coef=-0.002725, p=0.071699
  log_TSVR: coef=-0.102113, p=0.007124
  log_TSVR:LocationType[T.Source]: coef=0.032604, p=0.540369
  Age_c: coef=-0.003233, p=0.617944
  Age_c:LocationType[T.Source]: coef=-0.008445, p=0.290023
  TSVR_hours:Age_c: coef=0.000123, p=0.116031
  TSVR_hours:Age_c:LocationType[T.Source]: coef=-0.000185, p=0.079771
  log_TSVR:Age_c: coef=-0.002548, p=0.334264
  log_TSVR:Age_c:LocationType[T.Source]: coef=0.005151, p=0.164675
[EXTRACT] Extracting 3-way interaction terms...
[FOUND] TSVR_hours:Age_c:LocationType[T.Source]: coef=-0.000185, p=0.079771
[FOUND] log_TSVR:Age_c:LocationType[T.Source]: coef=0.005151, p=0.164675
[CORRECT] Applying Bonferroni correction (2 tests, alpha=0.025)...
[BONFERRONI] TSVR_hours:Age_c:LocationType[T.Source]
  p_uncorrected: 0.079771
  p_bonferroni: 0.159543
  significant at 0.025: False
[BONFERRONI] log_TSVR:Age_c:LocationType[T.Source]
  p_uncorrected: 0.164675
  p_bonferroni: 0.329349
  significant at 0.025: False
[VALIDATION] Running validation checks...
[PASS] 2 interaction terms present
[PASS] Dual p-values present (Decision D068)
[PASS] Bonferroni correction applied correctly
[PASS] All p-values in [0, 1]
[SAVE] Saving interaction terms...
[SAVED] step03_interaction_terms.csv (2 rows)
[SUMMARY] Primary Hypothesis Test Results:
  Null Hypothesis: Age does NOT moderate source-destination forgetting
  3-way interactions (Age_c x LocationType x Time):
    TSVR_hours:Age_c:LocationType[T.Source]: beta=-0.0002, z=-1.75, p=0.1595
    log_TSVR:Age_c:LocationType[T.Source]: beta=0.0052, z=1.39, p=0.3293
[RESULT] PRIMARY HYPOTHESIS SUPPORTED (NULL) - Age does NOT moderate effect
[SUCCESS] Step 03 complete - Interaction terms extracted
