[START] Step 0: Load Dependency Data from RQ 5.5.1
[CHECK] Verifying RQ 5.5.1 completion status...
[STATUS] RQ 5.5.1 status: success
[PASS] RQ 5.5.1 completed successfully
[LOAD] Loading theta scores from RQ 5.5.1...
[LOADED] step03_theta_scores.csv (400 rows, 5 cols)
[VALID] Theta ranges: source [-1.868, 1.703], destination [-1.494, 2.251]
[VALID] SE ranges: source [0.500, 0.500], destination [0.500, 0.500]
[LOAD] Loading TSVR mapping from RQ 5.5.1...
[LOADED] step00_tsvr_mapping.csv (400 rows, 4 cols)
[VALID] TSVR range: [1.00, 246.24] hours
[LOAD] Loading Age variable from dfData.csv...
[LOADED] dfData.csv (extracted 2 columns from 214 total)
[DEDUP] 100 unique participants
[VALID] Age range: [20.0, 70.0] years
[STATS] Age mean=44.6, SD=14.6
[SAVE] Saving dependency data copies...
[SAVED] step00_theta_from_rq551.csv (400 rows, 5 cols)
[SAVED] step00_tsvr_from_rq551.csv (400 rows, 4 cols)
[SAVED] step00_age_from_dfdata.csv (100 rows, 2 cols)
[VALIDATION] Final validation summary:
[PASS] RQ 5.5.1 completion status
[PASS] Theta scores row count
[PASS] TSVR mapping row count
[PASS] Age data row count
[PASS] Theta scores columns
[PASS] TSVR mapping columns
[PASS] Age data columns
[PASS] No NaN in theta_source
[PASS] No NaN in theta_destination
[PASS] No NaN in TSVR_hours
[PASS] No NaN in Age
[PASS] Theta source range [-4, 4]
[PASS] Theta destination range [-4, 4]
[PASS] SE source range [0.1, 1.5]
[PASS] SE destination range [0.1, 1.5]
[PASS] TSVR range [0, 360]
[PASS] Age range [20, 70]
[VALIDATION] All 17 checks passed
[SUCCESS] Step 0 complete - All dependency data loaded and validated
