[START] Step 04: Reliability Assessment (Cronbach's Alpha)
[LOAD] Loading item mapping...
[LOADED] step01_item_mapping.csv (36 rows, 6 cols)
[INFO] Location types: ['destination', 'source']
[INFO] Retention counts: {True: 32, False: 4}
[LOAD] Loading raw binary item responses from dfData.csv...
[LOADED] dfData.csv (400 rows, 214 cols)
[EXTRACT] Building item lists for 4 conditions...
[INFO] Source Full: 18 items
[INFO] Source Purified: 17 items (retention 94.4%)
[INFO] Destination Full: 18 items
[INFO] Destination Purified: 15 items (retention 83.3%)
[ANALYSIS] Computing Cronbach's alpha with bootstrap CIs (10,000 iterations)...
[INFO] This will take ~30 seconds for 4 conditions...
[COMPUTE] Condition 1/4: Source_Full...
[DONE] Source_Full: alpha=0.775 [0.744, 0.800]
[COMPUTE] Condition 2/4: Source_Purified...
[DONE] Source_Purified: alpha=0.778 [0.747, 0.804]
[INFO] Source alpha improvement: +0.004
[COMPUTE] Condition 3/4: Destination_Full...
[DONE] Destination_Full: alpha=0.622 [0.563, 0.671]
[COMPUTE] Condition 4/4: Destination_Purified...
[DONE] Destination_Purified: alpha=0.612 [0.551, 0.663]
[INFO] Destination alpha improvement: -0.010
[SAVE] Saving reliability assessment results...
[SAVED] step04_reliability_assessment.csv (4 rows, 7 cols)
[VALIDATION] Running validate_numeric_range on alpha values...
[VALIDATION] Alpha range validation: PASS
[VALIDATION] All alpha values in [0.0, 1.0]
[VALIDATION] Checking confidence interval validity...
[VALIDATION] Confidence intervals: PASS (all CI_upper > CI_lower)
[INTERPRETATION] Reliability assessment summary:
  Source Full: alpha=0.775 [0.744, 0.800] (Acceptable, 18 items)
  Source Purified: alpha=0.778 [0.747, 0.804] (Acceptable, 17 items)
  Destination Full: alpha=0.622 [0.563, 0.671] (Questionable, 18 items)
  Destination Purified: alpha=0.612 [0.551, 0.663] (Questionable, 15 items)
[SUCCESS] Step 04 complete
