[START] Step 02: Center Difficulty and Merge TSVR
[LOAD] Loading step01_analysis_ready.csv...
[LOADED] 18000 rows, 7 columns
[INFO] Columns: ['composite_ID', 'UID', 'Test', 'Item', 'Response', 'paradigm', 'Difficulty']
[ANALYSIS] Centering Difficulty variable...
[INFO] Grand mean of Difficulty: 0.175566
[INFO] Mean of Difficulty_c: 0.000000
[PASS] Centering successful: mean(Difficulty_c) ≈ 0
[LOAD] Loading TSVR mapping...
[LOADED] 400 TSVR rows
[INFO] TSVR columns: ['composite_ID', 'UID', 'test', 'TSVR_hours']
[MERGE] Merging TSVR_hours by composite_ID...
[PASS] Merge successful: row count unchanged (18000 rows)
[PASS] No missing TSVR_hours values
[INFO] Created Time variable (Time = TSVR_hours)
[SAVE] Saving LMM input data...
[SAVED] /home/etai/projects/REMEMVR/results/ch5/5.3.9/data/step02_lmm_input.csv
[INFO] Output shape: 18000 rows, 10 columns
[INFO] Columns: ['composite_ID', 'UID', 'Test', 'Item', 'Response', 'paradigm', 'Difficulty', 'Difficulty_c', 'TSVR_hours', 'Time']
[VALIDATION] Running validate_standardization...
[VALIDATION] Standardization result: {'valid': False, 'message': 'Standardization validation failed for 1 check(s): Difficulty_c: SD=1.5010 (expected ~1, tolerance=0.01)', 'mean_values': {'Difficulty_c': np.float64(3.434289889507151e-17)}, 'sd_values': {'Difficulty_c': np.float64(1.501049661985682)}}
[ERROR] Standardization validation failed: {'valid': False, 'message': 'Standardization validation failed for 1 check(s): Difficulty_c: SD=1.5010 (expected ~1, tolerance=0.01)', 'mean_values': {'Difficulty_c': np.float64(3.434289889507151e-17)}, 'sd_values': {'Difficulty_c': np.float64(1.501049661985682)}}
[ERROR] Standardization validation failed: Standardization validation failed for 1 check(s): Difficulty_c: SD=1.5010 (expected ~1, tolerance=0.01)
[TRACEBACK]
Traceback (most recent call last):
  File "/home/etai/projects/REMEMVR/results/ch5/5.3.9/code/step02_center_merge.py", line 133, in main
    raise ValueError(f"Standardization validation failed: {validation_result.get('message', 'Unknown error')}")
ValueError: Standardization validation failed: Standardization validation failed for 1 check(s): Difficulty_c: SD=1.5010 (expected ~1, tolerance=0.01)
[START] Step 02: Center Difficulty and Merge TSVR
[LOAD] Loading step01_analysis_ready.csv...
[LOADED] 18000 rows, 7 columns
[INFO] Columns: ['composite_ID', 'UID', 'Test', 'Item', 'Response', 'paradigm', 'Difficulty']
[ANALYSIS] Centering Difficulty variable...
[INFO] Grand mean of Difficulty: 0.175566
[INFO] Mean of Difficulty_c: 0.000000
[INFO] SD of Difficulty_c: 1.5010
[PASS] Centering successful: mean(Difficulty_c) = 0.000000 (within ±0.01)
[LOAD] Loading TSVR mapping...
[LOADED] 400 TSVR rows
[INFO] TSVR columns: ['composite_ID', 'UID', 'test', 'TSVR_hours']
[MERGE] Merging TSVR_hours by composite_ID...
[PASS] Merge successful: row count unchanged (18000 rows)
[PASS] No missing TSVR_hours values
[INFO] Created Time variable (Time = TSVR_hours)
[SAVE] Saving LMM input data...
[SAVED] /home/etai/projects/REMEMVR/results/ch5/5.3.9/data/step02_lmm_input.csv
[INFO] Output shape: 18000 rows, 10 columns
[INFO] Columns: ['composite_ID', 'UID', 'Test', 'Item', 'Response', 'paradigm', 'Difficulty', 'Difficulty_c', 'TSVR_hours', 'Time']
[VALIDATION] Validating centering (mean ≈ 0)...
[PASS] Centering validated: mean(Difficulty_c) = 0.000000
[VALIDATION] Running check_missing_data...
[ERROR] check_missing_data() got an unexpected keyword argument 'acceptable_missing_cols'
[TRACEBACK]
Traceback (most recent call last):
  File "/home/etai/projects/REMEMVR/results/ch5/5.3.9/code/step02_center_merge.py", line 139, in main
    missing_result = check_missing_data(
                     ^^^^^^^^^^^^^^^^^^^
TypeError: check_missing_data() got an unexpected keyword argument 'acceptable_missing_cols'
[START] Step 02: Center Difficulty and Merge TSVR
[LOAD] Loading step01_analysis_ready.csv...
[LOADED] 18000 rows, 7 columns
[INFO] Columns: ['composite_ID', 'UID', 'Test', 'Item', 'Response', 'paradigm', 'Difficulty']
[ANALYSIS] Centering Difficulty variable...
[INFO] Grand mean of Difficulty: 0.175566
[INFO] Mean of Difficulty_c: 0.000000
[INFO] SD of Difficulty_c: 1.5010
[PASS] Centering successful: mean(Difficulty_c) = 0.000000 (within ±0.01)
[LOAD] Loading TSVR mapping...
[LOADED] 400 TSVR rows
[INFO] TSVR columns: ['composite_ID', 'UID', 'test', 'TSVR_hours']
[MERGE] Merging TSVR_hours by composite_ID...
[PASS] Merge successful: row count unchanged (18000 rows)
[PASS] No missing TSVR_hours values
[INFO] Created Time variable (Time = TSVR_hours)
[SAVE] Saving LMM input data...
[SAVED] /home/etai/projects/REMEMVR/results/ch5/5.3.9/data/step02_lmm_input.csv
[INFO] Output shape: 18000 rows, 10 columns
[INFO] Columns: ['composite_ID', 'UID', 'Test', 'Item', 'Response', 'paradigm', 'Difficulty', 'Difficulty_c', 'TSVR_hours', 'Time']
[VALIDATION] Validating centering (mean ≈ 0)...
[PASS] Centering validated: mean(Difficulty_c) = 0.000000
[VALIDATION] Running check_missing_data...
[VALIDATION] Missing data result: {'has_missing': False, 'total_missing': 0, 'total_cells': 180000, 'percent_missing': 0.0, 'missing_by_column': {}}
[PASS] No missing values in Difficulty_c and Time
[SUCCESS] Step 02 complete
