[START] Step 00: Extract Item-Level Response Data
[LOAD] Loading RQ 5.3.1 item parameters...
[LOADED] step03_item_parameters.csv (45 rows, 4 cols)
[INFO] Columns: ['item', 'domain', 'Discrimination', 'Difficulty_1']
[INFO] Purified items from RQ 5.3.1: 45 items
[LOAD] Loading dfData.csv (wide format)...
[LOADED] dfData.csv (400 rows, 214 cols)
[PROCESS] Identifying item-level response columns (TQ_IFR, TQ_ICR, TQ_IRE)...
[INFO] Total TQ columns: 105
[INFO] Item-level paradigm columns (IFR/ICR/IRE): 72
[RESHAPE] Converting dfData from wide to long format...
[RESHAPED] Wide format (400 rows) -> Long format (28800 rows)
[PROCESS] Extracting paradigm codes from item names...
[INFO] Paradigm distribution:
  IFR: 9600 observations
  ICR: 9600 observations
  IRE: 9600 observations
[FILTER] After paradigm filter (IFR/ICR/IRE): 28800 rows
[FILTER] Filtering to purified items from RQ 5.3.1...
[INFO] Items before purification filter: 72 unique items
[FILTER] After purification filter: 18000 rows, 45 unique items
[MERGE] Merging item difficulty (b parameter) from RQ 5.3.1...
[INFO] All items successfully merged with difficulty parameters
[SAVE] Saving response-level data...
[SAVED] step00_response_level_data.csv (18000 rows, 6 cols)
[COPY] Copying TSVR mapping from RQ 5.3.1...
[SAVED] step00_tsvr_mapping.csv (400 rows, 4 cols)
[VALIDATION] Running validate_data_format...
[VALIDATION] Data format: All required columns present (6 columns). DataFrame has 18000 rows.
[VALIDATION] Running check_missing_data...
[ERROR] check_missing_data() got an unexpected keyword argument 'acceptable_missing_cols'
[TRACEBACK] Full error details:
Traceback (most recent call last):
  File "/home/etai/projects/REMEMVR/results/ch5/5.3.9/code/step00_extract_response_data.py", line 307, in <module>
    validation_result_missing = check_missing_data(
                                ^^^^^^^^^^^^^^^^^^^
TypeError: check_missing_data() got an unexpected keyword argument 'acceptable_missing_cols'
[START] Step 00: Extract Item-Level Response Data
[LOAD] Loading RQ 5.3.1 item parameters...
[LOADED] step03_item_parameters.csv (45 rows, 4 cols)
[INFO] Columns: ['item', 'domain', 'Discrimination', 'Difficulty_1']
[INFO] Purified items from RQ 5.3.1: 45 items
[LOAD] Loading dfData.csv (wide format)...
[LOADED] dfData.csv (400 rows, 214 cols)
[PROCESS] Identifying item-level response columns (TQ_IFR, TQ_ICR, TQ_IRE)...
[INFO] Total TQ columns: 105
[INFO] Item-level paradigm columns (IFR/ICR/IRE): 72
[RESHAPE] Converting dfData from wide to long format...
[RESHAPED] Wide format (400 rows) -> Long format (28800 rows)
[PROCESS] Extracting paradigm codes from item names...
[INFO] Paradigm distribution:
  IFR: 9600 observations
  ICR: 9600 observations
  IRE: 9600 observations
[FILTER] After paradigm filter (IFR/ICR/IRE): 28800 rows
[FILTER] Filtering to purified items from RQ 5.3.1...
[INFO] Items before purification filter: 72 unique items
[FILTER] After purification filter: 18000 rows, 45 unique items
[MERGE] Merging item difficulty (b parameter) from RQ 5.3.1...
[INFO] All items successfully merged with difficulty parameters
[SAVE] Saving response-level data...
[SAVED] step00_response_level_data.csv (18000 rows, 6 cols)
[COPY] Copying TSVR mapping from RQ 5.3.1...
[SAVED] step00_tsvr_mapping.csv (400 rows, 4 cols)
[VALIDATION] Running validate_data_format...
[VALIDATION] Data format: All required columns present (6 columns). DataFrame has 18000 rows.
[VALIDATION] Running check_missing_data...
[VALIDATION] Missing data summary:
  Total missing: 0 / 108000 cells (0.00%)
  Missing by column:
[VALIDATION] Forbidden columns (Difficulty, paradigm) have zero NaN - PASS
[SUMMARY] Step 00 extraction complete:
  Input: 400 rows (wide format)
  Output: 18000 rows (long format)
  Participants: 100
  Tests: 4
  Items: 45
  Paradigms: 3 (ICR, IFR, IRE)
  Response rate: 100.0%
[SUCCESS] Step 00 complete
