[START] Step 06: Characterize Clusters
[LOAD] Loading raw-scale random effects from Step 0...
[LOADED] random_effects (100 rows)
[INFO] Columns: ['UID', 'Total_Intercept', 'Total_Slope']
[LOAD] Loading cluster assignments from Step 3...
[LOADED] cluster_assignments (100 rows)
[MERGE] Merging random effects with cluster assignments on UID...
[MERGED] 100 participants with cluster + raw intercept/slope
[ANALYSIS] Computing cluster summary statistics...
[CLUSTER 0] N=69
  Intercept: mean=1.0112, SD=0.3380, range=[0.4644, 2.0263]
  Slope: mean=0.0743, SD=0.0026, range=[0.0664, 0.0784]
[CLUSTER 1] N=31
  Intercept: mean=-0.0405, SD=0.3303, range=[-0.9883, 0.5209]
  Slope: mean=0.0821, SD=0.0028, range=[0.0778, 0.0895]
[ANALYSIS] Assigning interpretive labels based on profile patterns...
[INFO] Overall intercept median: 0.7716
[INFO] Overall slope median: 0.0760
[LABEL] Cluster 0.0: High baseline, slower change
[LABEL] Cluster 1.0: Low baseline, faster change
[SAVE] Saving cluster characterization...
[SAVED] step06_cluster_characterization.csv (2 rows)
[SAVE] Saving cluster labels...
[SAVED] step06_cluster_labels.txt
[VALIDATION] Running validate_cluster_summary_stats...
[VALIDATION] Sum of N = 100 (expected 100): PASS
[VALIDATION] PASS - All 2 cluster summaries mathematically consistent
[SUCCESS] Step 06 complete
