[START] Step 01: Standardize Clustering Features
[LOAD] Loading random effects from Step 0...
[LOADED] step00_random_effects_from_rq514.csv (100 rows, 3 cols)
[INFO] Columns: ['UID', 'Total_Intercept', 'Total_Slope']
[INFO] Pre-standardization stats:
  Total_Intercept: mean=0.6851, SD=0.5920
  Total_Slope: mean=0.0767, SD=0.0045
[ANALYSIS] Computing z-scores for Total_Intercept and Total_Slope...
[DONE] Z-score computation complete
[INFO] Post-standardization stats:
  Intercept_z: mean=-0.000000, SD=1.000000
  Slope_z: mean=-0.000000, SD=1.000000
[SAVE] Creating standardized features DataFrame...
[SAVED] step01_standardized_features.csv (100 rows, 3 cols)
[INFO] Columns: ['UID', 'Intercept_z', 'Slope_z']
[VALIDATION] Running validate_standardization...
[VALIDATION] Standardization quality PASS
[VALIDATION] Mean values: {'Intercept_z': np.float64(-2.597921877622866e-16), 'Slope_z': np.float64(-5.706546346573304e-16)}
[VALIDATION] SD values: {'Intercept_z': np.float64(1.005037815259212), 'Slope_z': np.float64(1.005037815259212)}
[SUCCESS] Step 01 complete
