[START] Step 7: Prepare Scatter Plot Data
[LOAD] Loading standardized features...
[LOADED] standardized_features (100 rows, 3 cols)
[LOAD] Loading cluster assignments...
[LOADED] cluster_assignments (100 rows, 2 cols)
[LOAD] Loading cluster centers...
[LOADED] cluster_centers (2 rows, 3 cols)
[LOAD] Loading silhouette score...
[LOADED] silhouette_score = 0.594
[MERGE] Merging standardized features with cluster assignments...
[MERGE] Merged data: 100 rows (expected 100)
[CREATE] Creating scatter plot data CSV...
[SAVED] data/step07_scatter_plot_data.csv (100 rows, 3 cols)
[CREATE] Creating cluster centers CSV...
[SAVED] data/step07_scatter_plot_centers.csv (2 rows, 3 cols)
[CREATE] Creating plot metadata YAML...
[SAVED] data/step07_scatter_plot_metadata.yaml (silhouette=0.594, K=2)
[VALIDATION] Running validate_plot_data_completeness...
[VALIDATION] valid: True
[VALIDATION] message: Plot data complete: 2 domains, 0 groups.
[VALIDATION] Additional clustering-specific checks...
[VALIDATION] Participant rows: 100 (expected 100) [PASS]
[VALIDATION] Center rows: 2 (expected 2) [PASS]
[VALIDATION] Cluster IDs match: [np.int64(0), np.int64(1)] [PASS]
[VALIDATION] No NaN values [PASS]
[SUCCESS] Step 7 complete
[START] Step 7: Prepare Scatter Plot Data
[LOAD] Loading standardized features...
[LOADED] standardized_features (100 rows, 3 cols)
[LOAD] Loading cluster assignments...
[LOADED] cluster_assignments (100 rows, 2 cols)
[LOAD] Loading cluster centers...
[LOADED] cluster_centers (3 rows, 3 cols)
[LOAD] Loading silhouette score...
[LOADED] silhouette_score = 0.408
[MERGE] Merging standardized features with cluster assignments...
[MERGE] Merged data: 100 rows (expected 100)
[CREATE] Creating scatter plot data CSV...
[SAVED] data/step07_scatter_plot_data.csv (100 rows, 3 cols)
[CREATE] Creating cluster centers CSV...
[SAVED] data/step07_scatter_plot_centers.csv (3 rows, 3 cols)
[CREATE] Creating plot metadata YAML...
[SAVED] data/step07_scatter_plot_metadata.yaml (silhouette=0.408, K=3)
[VALIDATION] Running validate_plot_data_completeness...
[VALIDATION] valid: True
[VALIDATION] message: Plot data complete: 3 domains, 0 groups.
[VALIDATION] Additional clustering-specific checks...
[VALIDATION] Participant rows: 100 (expected 100) [PASS]
[VALIDATION] Center rows: 3 (expected 3) [PASS]
[VALIDATION] Cluster IDs match: [np.int64(0), np.int64(1), np.int64(2)] [PASS]
[VALIDATION] No NaN values [PASS]
[SUCCESS] Step 7 complete
