[START] Step 01: IRT Calibration Pass 1 (All Items)
============================================================
[LOAD] Loading input data...
[LOADED] step00_irt_input.csv (400 rows, 73 cols)
[LOADED] step00_q_matrix.csv (72 rows)
[TRANSFORM] Converting wide to long format...
[TRANSFORMED] Long format: 28800 rows
[TRANSFORM] Converting Q-matrix to groups dict...
[TRANSFORMED] Groups: {'free_recall': ['IFR'], 'cued_recall': ['ICR'], 'recognition': ['IRE']}
[INFO] Factors: ['free_recall', 'cued_recall', 'recognition']
[INFO]   free_recall: 24 items (patterns: ['IFR'])
[INFO]   cued_recall: 24 items (patterns: ['ICR'])
[INFO]   recognition: 24 items (patterns: ['IRE'])
[ANALYSIS] Running calibrate_irt (Pass 1 - all items)...
[DONE] IRT calibration complete
[INFO] Theta scores: (400, 5)
[INFO] Item parameters: (72, 6)
[TRANSFORM] Converting outputs to expected format...
[TRANSFORMED] Theta long format: 1200 rows
[TRANSFORMED] Item params: 72 rows
[SAVED] logs/step01_pass1_theta.csv (1200 rows)
[SAVED] logs/step01_pass1_item_params.csv (72 rows)
[VALIDATION] Validating IRT calibration results...
[VALIDATION] Checking parameter ranges...
[PASS] All discrimination values > 0
[WARNING] 5 items have extreme difficulty (|b| > 6)
[PASS] No NaN values in parameters
[INFO] Theta range: [-2.78, 3.26]
[VALIDATION] converged: True
[VALIDATION] message: Model converged successfully
[VALIDATION] final_loss: None
[VALIDATION] epochs_run: None
============================================================
[SUCCESS] Step 01: IRT Calibration Pass 1 complete
  - Theta scores: 1200 observations (long format)
  - Item parameters: 72 items
  - Factors: ['free_recall', 'cued_recall', 'recognition']
  - Next: Step 02 will purify items using Decision D039 thresholds
============================================================
