[START] Step 04: Compute Domain-Specific Age Effects and Post-Hoc Contrasts
[LOAD] Loading LMM model from Step 2c...
[ERROR] [Errno 2] No such file or directory: '/home/etai/projects/REMEMVR/results/ch5/rq10/results/step02_lmm_model.pkl'
[TRACEBACK] Full error details:
Traceback (most recent call last):
  File "/home/etai/projects/REMEMVR/results/ch5/rq10/code/step04_compute_contrasts.py", line 148, in <module>
    lmm_model = MixedLMResults.load(str(lmm_model_path))
                ^^^^^^^^^^^^^^^^^^^^^^^^^^^^^^^^^^^^^^^^
  File "/home/etai/projects/REMEMVR/.venv/lib/python3.12/site-packages/statsmodels/base/model.py", line 2289, in load
    return load_pickle(fname)
           ^^^^^^^^^^^^^^^^^^
  File "/home/etai/projects/REMEMVR/.venv/lib/python3.12/site-packages/statsmodels/iolib/smpickle.py", line 41, in load_pickle
    with get_file_obj(fname, "rb") as fin:
         ^^^^^^^^^^^^^^^^^^^^^^^^^
  File "/home/etai/projects/REMEMVR/.venv/lib/python3.12/site-packages/statsmodels/iolib/openfile.py", line 65, in get_file_obj
    return fname.open(mode=mode, encoding=encoding)
           ^^^^^^^^^^^^^^^^^^^^^^^^^^^^^^^^^^^^^^^^
  File "/usr/lib/python3.12/pathlib.py", line 1015, in open
    return io.open(self, mode, buffering, encoding, errors, newline)
           ^^^^^^^^^^^^^^^^^^^^^^^^^^^^^^^^^^^^^^^^^^^^^^^^^^^^^^^^^
FileNotFoundError: [Errno 2] No such file or directory: '/home/etai/projects/REMEMVR/results/ch5/rq10/results/step02_lmm_model.pkl'
[START] Step 04: Compute Domain-Specific Age Effects and Post-Hoc Contrasts
[LOAD] Loading LMM model from Step 2c...
[LOADED] LMM model from step02_lmm_model.pkl
[INFO] Model has 100 groups (participants)
[INFO] Model converged: True
[LOAD] Loading fixed effects table from Step 2c...
[LOADED] step02_fixed_effects.csv (21 terms)
[ANALYSIS] Running compute_contrasts_pairwise...
[ANALYSIS] Computing pairwise contrasts: Where-What, When-What, Where-When
[ANALYSIS] Applying Tukey HSD correction with family_alpha=0.05
[ERROR] 'sig_uncorrected'
[TRACEBACK] Full error details:
Traceback (most recent call last):
  File "/home/etai/projects/REMEMVR/results/ch5/rq10/code/step04_compute_contrasts.py", line 179, in <module>
    contrasts = compute_contrasts_pairwise(
                ^^^^^^^^^^^^^^^^^^^^^^^^^^^
  File "/home/etai/projects/REMEMVR/tools/analysis_lmm.py", line 908, in compute_contrasts_pairwise
    print(f"  Significant (uncorrected alpha=0.05): {df_contrasts['sig_uncorrected'].sum()}/{k}")
                                                     ~~~~~~~~~~~~^^^^^^^^^^^^^^^^^^^
  File "/home/etai/projects/REMEMVR/.venv/lib/python3.12/site-packages/pandas/core/frame.py", line 4113, in __getitem__
    indexer = self.columns.get_loc(key)
              ^^^^^^^^^^^^^^^^^^^^^^^^^
  File "/home/etai/projects/REMEMVR/.venv/lib/python3.12/site-packages/pandas/core/indexes/range.py", line 417, in get_loc
    raise KeyError(key)
KeyError: 'sig_uncorrected'
[START] Step 04: Compute Domain-Specific Age Effects
[LOAD] Loading LMM model from Step 2c...
[LOADED] LMM model from step02_lmm_model.pkl
[INFO] Model has 100 groups (participants)
[INFO] Model converged: True
[ANALYSIS] Extracting marginal age effects by domain...
[INFO] Evaluation timepoint: TSVR = 72.0 hours (Day 3, midpoint)
[INFO] Using delta method for SE propagation
[DONE] Age effect extraction complete
[INFO] Extracted age effects for 3 domains
[RESULT] What: age_slope=-0.000014, SE=0.000049, p=0.7794
[RESULT] Where: age_slope=0.000014, SE=0.000049, p=0.7794
[RESULT] When: age_slope=-0.000014, SE=0.000049, p=0.7794
[SAVE] Saving age effects by domain...
[SAVED] step04_age_effects_by_domain.csv (3 rows, 7 columns)
[SAVE] Creating summary report...
[SAVED] step04_summary.txt
[VALIDATION] Validating outputs...
[VALIDATION] All checks passed
[SUCCESS] Step 04 complete
[START] Step 04: Compute Domain-Specific Age Effects
[LOAD] Loading LMM model from Step 2c...
[LOADED] LMM model from step02_lmm_model.pkl
[INFO] Model has 100 groups (participants)
[INFO] Model converged: True
[ANALYSIS] Extracting marginal age effects by domain...
[INFO] Evaluation timepoint: TSVR = 72.0 hours (Day 3, midpoint)
[INFO] Using delta method for SE propagation
[DONE] Age effect extraction complete
[INFO] Extracted age effects for 2 domains
[RESULT] What: age_slope=-0.000014, SE=0.000041, p=0.7368
[RESULT] Where: age_slope=0.000014, SE=0.000041, p=0.7368
[SAVE] Saving age effects by domain...
[SAVED] step04_age_effects_by_domain.csv (2 rows, 7 columns)
[SAVE] Creating summary report...
[SAVED] step04_summary.txt
[VALIDATION] Validating outputs...
[VALIDATION] All checks passed
[SUCCESS] Step 04 complete
