[START] Step 04: Merge Theta Scores with TSVR
RQ Directory: /home/etai/projects/REMEMVR/results/ch5/rq5

[LOAD] Loading input data...
[LOADED] step03_theta_scores.csv (400 rows, 7 cols)
[LOADED] step00_tsvr_mapping.csv (400 rows)

[MERGE] Merging theta scores with TSVR mapping...
[PASS] All 400 rows have TSVR data
[MERGED] 400 rows

[MELT] Reshaping to long format...
[MELTED] 1200 rows (expected ~1200)

[TRANSFORM] Creating time transformations...
  TSVR_hours range: [1.00, 246.24]
  TSVR_sq range: [1.00, 60634.14]
  TSVR_log range: [0.693, 5.510]

[CATEGORY] Setting congruence as categorical...
  Congruence categories: ['common', 'congruent', 'incongruent']
  Reference category: common

[OUTPUT] Preparing output columns...
[OUTPUT] 1200 rows, 9 cols

[SAVE] Saving output file...
[SAVED] step04_lmm_input.csv (1200 rows)

[VALIDATE] Validating output...
[PASS] Row count: 1200 (400 x 3)
[PASS] No NaN in TSVR_hours
[PASS] common: 400 rows
[PASS] congruent: 400 rows
[PASS] incongruent: 400 rows
[WARN] TSVR range [1.00, 246.24] outside expected [0, 170]
[INFO] Theta range: [-2.070, 2.717]
[PASS] Unique UIDs: 100

[SUCCESS] Step 04 complete (Merge Theta + TSVR)
