[START] Step 05: LMM Model Fitting and Selection
RQ Directory: /home/etai/projects/REMEMVR/results/ch5/rq5

[LOAD] Loading LMM input data...
[LOADED] step04_lmm_input.csv (1200 rows, 9 cols)
  Unique UIDs: 100
  Congruence levels: ['common', 'congruent', 'incongruent']

[FIT] Fitting candidate models...

  Fitting Linear model...
    Fitted: AIC = 2698.79
    Saved: step05_lmm_Linear.pkl

  Fitting Quadratic model...
    Fitted: AIC = 2691.55
    Saved: step05_lmm_Quadratic.pkl

  Fitting Log model...
    Fitted: AIC = 2652.57
    Saved: step05_lmm_Log.pkl

  Fitting Lin+Log model...
    Fitted: AIC = 2674.50
    Saved: step05_lmm_Lin+Log.pkl

  Fitting Quad+Log model...
    Fitted: AIC = 2746.19
    Saved: step05_lmm_Quad+Log.pkl

[COMPARE] Creating AIC comparison table...

  AIC Comparison:
    Log: AIC=2652.57, delta=0.00, weight=1.000
    Lin+Log: AIC=2674.50, delta=21.93, weight=0.000
    Quadratic: AIC=2691.55, delta=38.99, weight=0.000
    Linear: AIC=2698.79, delta=46.23, weight=0.000
    Quad+Log: AIC=2746.19, delta=93.63, weight=0.000

[BEST] Best model: Log
  AIC: 2652.57
  BIC: 2703.47

[SAVE] Saving output files...
[SAVED] step05_model_comparison.csv
[SAVED] step05_lmm_model_summary.txt
[SAVED] step05_lmm_fitted_model.pkl

[VALIDATE] Validating results...
[PASS] Best model converged
[PASS] AIC is finite: 2652.57
[PASS] All fixed effects are finite
[PASS] Random effect variance: 0.4704

  Key Fixed Effects:
    Intercept: 0.6541 (p=0.0000)*
    C(congruence, Treatment('common'))[T.congruent]: -0.0596 (p=0.5595)
    C(congruence, Treatment('common'))[T.incongruent]: 0.0792 (p=0.4383)
    TSVR_log: -0.1935 (p=0.0000)*
    TSVR_log:C(congruence, Treatment('common'))[T.congruent]: 0.0186 (p=0.4944)
    TSVR_log:C(congruence, Treatment('common'))[T.incongruent]: -0.0207 (p=0.4476)
    Group Var: 1.1548 (p=0.0000)*
    Group x TSVR_log Cov: -0.1776 (p=0.0002)*
    TSVR_log Var: 0.0529 (p=0.0000)*

[SUCCESS] Step 05 complete (LMM Model Fitting)
