[2025-12-03 10:17:09] ======================================================================
[2025-12-03 10:17:09] THETA-TO-PROBABILITY SCALE INVESTIGATION
[2025-12-03 10:17:09] Testing ICC anomaly hypothesis
[2025-12-03 10:17:09] ======================================================================
[2025-12-03 10:17:09] 
[STEP 1] Loading data...
[2025-12-03 10:17:09]   Theta scores: 400 rows
[2025-12-03 10:17:09]   LMM input: 400 rows
[2025-12-03 10:17:09]   Item parameters (all): 105 items
[2025-12-03 10:17:09]   Purified items: 68 items
[2025-12-03 10:17:09]   Item parameters (purified): 68 items
[2025-12-03 10:17:09]   Item parameters: a range [0.406, 1.738]
[2025-12-03 10:17:09]   Item parameters: b range [-2.984, 2.782]
[2025-12-03 10:17:09] 
[STEP 2] Converting theta to probability scale...
[2025-12-03 10:17:09]   Theta range: [-2.516, 2.728]
[2025-12-03 10:17:09]   Prob_simple range: [0.075, 0.939]
[2025-12-03 10:17:09]   Prob_TCC range: [0.196, 0.866]
[2025-12-03 10:17:09]   Boundary check: 0 obs near floor (<0.05), 0 obs near ceiling (>0.95)
[2025-12-03 10:17:09]   Saved: /home/etai/projects/REMEMVR/results/ch5/5.1.4/data/step06_probability_trajectories.csv
[2025-12-03 10:17:09] 
[STEP 3] Merging with TSVR time variable...
[2025-12-03 10:17:09]   Merged data: 400 rows
[2025-12-03 10:17:09]   Unique UIDs: 100
[2025-12-03 10:17:09]   Saved: /home/etai/projects/REMEMVR/results/ch5/5.1.4/data/step07_prob_lmm_input.csv
[2025-12-03 10:17:09] 
[STEP 4] Fitting LMM on probability scale...
[2025-12-03 10:17:10] 
  Fitting LMM for Prob_TCC...
[2025-12-03 10:17:10]     Converged: True
[2025-12-03 10:17:10]     Random effects covariance matrix:
               UID  log_TSVR
UID       0.006344  0.000265
log_TSVR  0.000265  0.000011
[2025-12-03 10:17:10]     var_intercept: 0.006344
[2025-12-03 10:17:10]     var_slope: 0.000011
[2025-12-03 10:17:10]     cov_int_slope: 0.000265
[2025-12-03 10:17:10]     var_residual: 0.006331
[2025-12-03 10:17:10]     cor_int_slope: 0.9996
[2025-12-03 10:17:10] 
  Fitting LMM for Prob_simple...
[2025-12-03 10:17:10]     Converged: True
[2025-12-03 10:17:10]     Random effects covariance matrix:
               UID  log_TSVR
UID       0.016767  -0.00006
log_TSVR -0.000060   0.00008
[2025-12-03 10:17:10]     var_intercept: 0.016767
[2025-12-03 10:17:10]     var_slope: 0.000080
[2025-12-03 10:17:10]     cov_int_slope: -0.000060
[2025-12-03 10:17:10]     var_residual: 0.014447
[2025-12-03 10:17:10]     cor_int_slope: -0.0520
[2025-12-03 10:17:10] 
[STEP 5] Saving variance components...
[2025-12-03 10:17:10]   Saved: /home/etai/projects/REMEMVR/results/ch5/5.1.4/data/step08_prob_variance_components.csv
[2025-12-03 10:17:10] 
[STEP 6] Computing ICC on probability scale...
[2025-12-03 10:17:10]   Prob_TCC:
[2025-12-03 10:17:10]     ICC_intercept: 0.5005
[2025-12-03 10:17:10]     ICC_slope: 0.001747
[2025-12-03 10:17:10]   Prob_simple:
[2025-12-03 10:17:10]     ICC_intercept: 0.5372
[2025-12-03 10:17:10]     ICC_slope: 0.005523
[2025-12-03 10:17:10]   Saved: /home/etai/projects/REMEMVR/results/ch5/5.1.4/data/step09_prob_icc_estimates.csv
[2025-12-03 10:17:10] 
[STEP 7] Comparing with theta-scale results...
[2025-12-03 10:17:10] 
  Saved: /home/etai/projects/REMEMVR/results/ch5/5.1.4/results/step10_scale_comparison.md
[2025-12-03 10:17:10] 
======================================================================
[2025-12-03 10:17:10] KEY RESULTS
[2025-12-03 10:17:10] ======================================================================
[2025-12-03 10:17:10]   Theta ICC_slope:       0.000505
[2025-12-03 10:17:10]   Probability ICC_slope: 0.001747
[2025-12-03 10:17:10]   Ratio (Prob/Theta):    3.5×
[2025-12-03 10:17:10]   Literature norm:       0.30-0.50
[2025-12-03 10:17:10] 
  VERDICT: NO SUPPORT - finding is real, not artifact
[2025-12-03 10:17:10] 
======================================================================
[2025-12-03 10:17:10] INVESTIGATION COMPLETE
[2025-12-03 10:17:10] ======================================================================
