[START] Step 02: Extract Segment-by-Domain Slopes
============================================================
[LOAD] Loading piecewise LMM model from step01...
[LOADED] Model loaded successfully
  Converged: True
  Observations: 1200
  Fixed effects: 12

[ANALYSIS] Extracting fixed effects from LMM...
[DONE] Fixed effects extracted: 15 terms

Fixed Effects:
  Intercept: 0.6060 (SE=0.0780, p=0.0000)*
  C(Segment, Treatment('Early'))[T.Late]: -0.7990 (SE=0.0970, p=0.0000)*
  C(domain, Treatment('what'))[T.when]: -0.2570 (SE=0.0870, p=0.0030)*
  C(domain, Treatment('what'))[T.where]: 0.0530 (SE=0.0870, p=0.5470)
  C(Segment, Treatment('Early'))[T.Late]:C(domain, Treatment('what'))[T.when]: 0.5160 (SE=0.1370, p=0.0000)*
  C(Segment, Treatment('Early'))[T.Late]:C(domain, Treatment('what'))[T.where]: -0.0010 (SE=0.1370, p=0.9960)
  Days_within: -0.4450 (SE=0.0710, p=0.0000)*
  Days_within:C(Segment, Treatment('Early'))[T.Late]: 0.3770 (SE=0.0750, p=0.0000)*
  Days_within:C(domain, Treatment('what'))[T.when]: 0.1440 (SE=0.0990, p=0.1440)
  Days_within:C(domain, Treatment('what'))[T.where]: 0.0230 (SE=0.0990, p=0.8130)
  Days_within:C(Segment, Treatment('Early'))[T.Late]:C(domain, Treatment('what'))[T.when]: -0.0810 (SE=0.1060, p=0.4430)
  Days_within:C(Segment, Treatment('Early'))[T.Late]:C(domain, Treatment('what'))[T.where]: -0.0370 (SE=0.1060, p=0.7260)
  Group Var: 0.2250 (SE=0.0690, p=nan)
  Group x Days_within Cov: -0.0140 (SE=0.0150, p=nan)
  Days_within Var: 0.0080 (SE=0.0060, p=nan)

[ANALYSIS] Computing segment-domain slopes via linear combinations...
[DEBUG] days_within: Days_within
[DEBUG] days_segment_late: Days_within:C(Segment, Treatment('Early'))[T.Late]
[DEBUG] days_domain_where: Days_within:C(domain, Treatment('what'))[T.where]
[DEBUG] days_domain_when: Days_within:C(domain, Treatment('what'))[T.when]
[DEBUG] days_seg_dom_where: Days_within:C(Segment, Treatment('Early'))[T.Late]:C(domain, Treatment('what'))[T.where]
[DEBUG] days_seg_dom_when: Days_within:C(Segment, Treatment('Early'))[T.Late]:C(domain, Treatment('what'))[T.when]
[DONE] Slopes computed: 6 segment-domain combinations

Segment-Domain Slopes (theta change per day):
  Early-what: -0.4455 (SE=0.0708, 95% CI [-0.5842, -0.3067])
  Early-where: -0.4222 (SE=0.0708, 95% CI [-0.5610, -0.2834])
  Early-when: -0.3014 (SE=0.0708, 95% CI [-0.4402, -0.1627])
  Late-what: -0.0686 (SE=0.0287, 95% CI [-0.1248, -0.0123])
  Late-where: -0.0824 (SE=0.0287, 95% CI [-0.1386, -0.0261])
  Late-when: -0.0056 (SE=0.0287, 95% CI [-0.0618, 0.0507])

[SAVE] Saving fixed effects table...
[SAVED] /home/etai/projects/REMEMVR/results/ch5/rq2/results/step02_fixed_effects.csv (15 rows)
[SAVE] Saving segment-domain slopes...
[SAVED] /home/etai/projects/REMEMVR/results/ch5/rq2/results/step02_segment_domain_slopes.csv (6 rows)

[VALIDATION] Running inline validation checks...
  [PASS] Fixed effects table has 15 rows (>= 7 required)
  [PASS] Slope table has 6 rows (6 required)
  [PASS] All segments present: {'Late', 'Early'}
  [PASS] All domains present: {'what', 'where', 'when'}
  [PASS] All SE values > 0 (min=0.0287)
  [PASS] CI structure valid (CI_lower < slope < CI_upper) for all rows

[VALIDATION PASSED] All checks passed

============================================================
[SUCCESS] Step 02 complete
============================================================
