[START] Step 02b: EXPANDED AIC Model Comparison with Power-Law Transformations
[LOAD] Loading HCE rate data from step01...
[LOADED] step01_hce_rates.csv (400 rows, 6 cols)
[INFO] Data summary: 400 observations from 100 participants
[TRANSFORM] Creating EXPANDED time transformations from TSVR...
[DONE] Created transformations:
  Basic:
    - Days: [0.04, 10.26]
    - Days_squared: [0.00, 105.27]
    - log_Days_plus1: [0.041, 2.421]
  Power-law:
    - sqrt_Days_plus1 (0.5): [1.021, 3.356]
    - Days_power_0_3: [1.012, 2.068]
    - Days_power_0_7: [1.029, 5.446]
    - Days_power_1_5: [1.063, 37.784]
    - Days_cubed (3.0): [0.00, 1080.05]
    - inv_Days_plus1: [0.089, 0.960]
  Piecewise:
    - breakpoint_day1: [0.000, 9.260]
  Exponential:
    - exp_neg_Days: [0.000, 0.959]

[ANALYSIS] Fitting 13 candidate LMM models with REML=False...

[MODEL] Fitting Linear: Linear time trend
  Formula: HCE_rate ~ Days
  Random: ~Days
  [PASS] Linear converged successfully
  AIC: -1467.26, BIC: -1443.32, LogLik: 739.63

[MODEL] Fitting Quadratic: Quadratic time trend (Days + Days^2)
  Formula: HCE_rate ~ Days + Days_squared
  Random: ~Days
  [PASS] Quadratic converged successfully
  AIC: -1465.54, BIC: -1437.60, LogLik: 739.77

[MODEL] Fitting Logarithmic: Logarithmic time trend (log(Days+1))
  Formula: HCE_rate ~ log_Days_plus1
  Random: ~log_Days_plus1
  [PASS] Logarithmic converged successfully
  AIC: -1467.31, BIC: -1443.36, LogLik: 739.66

[MODEL] Fitting SquareRoot: Square root (power 0.5) transformation
  Formula: HCE_rate ~ sqrt_Days_plus1
  Random: ~sqrt_Days_plus1
  [PASS] SquareRoot converged successfully
  AIC: -1467.92, BIC: -1443.97, LogLik: 739.96

[MODEL] Fitting Power_0.3: Power 0.3 transformation (shallow curvature)
  Formula: HCE_rate ~ Days_power_0_3
  Random: ~Days_power_0_3
  [WARN] Power_0.3 did not converge (may still have valid AIC)
  AIC: -1460.45, BIC: -1436.50, LogLik: 736.23

[MODEL] Fitting Power_0.7: Power 0.7 transformation (moderate curvature)
  Formula: HCE_rate ~ Days_power_0_7
  Random: ~Days_power_0_7
  [PASS] Power_0.7 converged successfully
  AIC: -1467.78, BIC: -1443.83, LogLik: 739.89

[MODEL] Fitting Power_1.5: Power 1.5 transformation (accelerating growth)
  Formula: HCE_rate ~ Days_power_1_5
  Random: ~Days_power_1_5
  [WARN] Power_1.5 did not converge (may still have valid AIC)
  AIC: -1464.09, BIC: -1440.14, LogLik: 738.05

[MODEL] Fitting Inverse: Inverse/hyperbolic transformation (1/(Days+1))
  Formula: HCE_rate ~ inv_Days_plus1
  Random: ~inv_Days_plus1
  [PASS] Inverse converged successfully
  AIC: -1462.67, BIC: -1438.72, LogLik: 737.33

[MODEL] Fitting Cubic: Cubic polynomial (Days + Days^2 + Days^3)
  Formula: HCE_rate ~ Days + Days_squared + Days_cubed
  Random: ~Days
  [PASS] Cubic converged successfully
  AIC: -1463.91, BIC: -1431.97, LogLik: 739.95

[MODEL] Fitting ExponentialDecay: Exponential decay (exp(-Days))
  Formula: HCE_rate ~ exp_neg_Days
  Random: ~Days
  [PASS] ExponentialDecay converged successfully
  AIC: -1460.03, BIC: -1436.08, LogLik: 736.01

[MODEL] Fitting Piecewise_Day1: Piecewise: flat before Day 1, linear after
  Formula: HCE_rate ~ breakpoint_day1
  Random: ~Days
  [PASS] Piecewise_Day1 converged successfully
  AIC: -1467.37, BIC: -1443.42, LogLik: 739.68

[MODEL] Fitting Linear+Log: Linear + Logarithmic (Days + log(Days+1))
  Formula: HCE_rate ~ Days + log_Days_plus1
  Random: ~log_Days_plus1
  [PASS] Linear+Log converged successfully
  AIC: -1466.71, BIC: -1438.77, LogLik: 740.35

[MODEL] Fitting Quadratic+Log: Quadratic + Logarithmic (Days + Days^2 + log(Days+1))
  Formula: HCE_rate ~ Days + Days_squared + log_Days_plus1
  Random: ~log_Days_plus1
  [PASS] Quadratic+Log converged successfully
  AIC: -1466.14, BIC: -1434.21, LogLik: 741.07

[DONE] All models fitted

[WEIGHTS] Computing Akaike weights...
[CHECK] Akaike weights sum: 1.000000 (should be 1.0)

[RANKING] Identifying top 5 models...
[TOP 5] Ranked by AIC:
  1. SquareRoot           - AIC=-1467.92, weight=0.1721, ΔAIC=0.00
  2. Power_0.7            - AIC=-1467.78, weight=0.1605, ΔAIC=0.14
  3. Piecewise_Day1       - AIC=-1467.37, weight=0.1306, ΔAIC=0.55
  4. Logarithmic          - AIC=-1467.31, weight=0.1272, ΔAIC=0.60
  5. Linear               - AIC=-1467.26, weight=0.1242, ΔAIC=0.65

[BEST] SquareRoot (weight=0.1721, AIC=-1467.92)
[INTERPRET] No clear winner for SquareRoot model

[FLAGS] Checking for special patterns...
[FLAG] Power-law < 1.0 model (SquareRoot) wins - diminishing returns pattern
[FLAG] Competitive models - ΔAIC=0.14 < 2

[SAVE] Saving expanded model comparison results...
[SAVED] step02b_expanded_model_comparison.csv (13 models)
[SAVED] step02b_best_model_selection.txt

[VALIDATION] Checking results...
[PASS] All 13 models attempted
[PASS] 13/13 models have finite AIC values
[PASS] Akaike weights sum to 1.0
[PASS] Top 5 models ranked
[PASS] Best model identified: SquareRoot
[PASS] 2 special pattern flags documented
[PASS] All models fitted with REML=False (required for AIC comparison)

[SUCCESS] Step 02b complete - all validations passed
