[START] Step 6: Compare ICC Across Paradigms and Prepare Barplot Data
[LOAD] Loading ICC estimates from Step 3...
[LOADED] ICC estimates (9 rows, 4 cols)
[LOAD] Loading variance components from Step 2...
[LOADED] Variance components (15 rows, 3 cols)
[FILTER] Filtering to ICC_slope_conditional only...
[FILTERED] 3 rows (should be 3 paradigms)
[COMPUTE] Computing 95% confidence intervals for each paradigm...
[PARADIGM] Processing cued_recall (ICC = 0.4099)...
[CI] cued_recall: ICC = 0.4099, 95% CI = [0.3566, 0.4551]
[PARADIGM] Processing free_recall (ICC = 0.4507)...
[CI] free_recall: ICC = 0.4507, 95% CI = [0.4086, 0.5436]
[PARADIGM] Processing recognition (ICC = 0.4618)...
[CI] recognition: ICC = 0.4618, 95% CI = [0.4090, 0.5319]
[RANK] Ranking paradigms by ICC magnitude...
[RANK] Rank 1: recognition (ICC = 0.4618)
[RANK] Rank 2: free_recall (ICC = 0.4507)
[RANK] Rank 3: cued_recall (ICC = 0.4099)
[PREPARE] Preparing barplot data CSV for visualization...
[PREPARED] Barplot data ready (3 rows, 5 cols)
[INTERPRET] Creating interpretation report...
[SAVE] Saving comparison table...
[SAVED] /home/etai/projects/REMEMVR/results/ch5/5.3.7/data/step06_paradigm_icc_comparison.csv (3 rows, 6 cols)
[SAVE] Saving barplot data CSV...
[SAVED] /home/etai/projects/REMEMVR/results/ch5/5.3.7/data/step06_paradigm_icc_barplot_data.csv (3 rows, 5 cols)
[SAVE] Saving interpretation report...
[SAVED] /home/etai/projects/REMEMVR/results/ch5/5.3.7/data/step06_comparison_interpretation.txt
[VALIDATION] Validating outputs...
[VALIDATION] PASSED - All checks successful
  [PASS] All 3 paradigms present
  [PASS] ICC values in [0, 1] range
  [PASS] CI_lower < icc_value < CI_upper for all paradigms
  [PASS] Rank values in [1, 2, 3]
  [PASS] No NaN values
  [PASS] Correct row counts (3 rows each)
[SUCCESS] Step 6 complete
